ARM GAS  /var/folders/8v/j1fbl7tj7xz52nhkjtnwl_x40000gn/T//ccpdGzsI.s 			page 1


   1              		.cpu cortex-m7
   2              		.arch armv7e-m
   3              		.fpu fpv5-d16
   4              		.eabi_attribute 28, 1
   5              		.eabi_attribute 20, 1
   6              		.eabi_attribute 21, 1
   7              		.eabi_attribute 23, 3
   8              		.eabi_attribute 24, 1
   9              		.eabi_attribute 25, 1
  10              		.eabi_attribute 26, 1
  11              		.eabi_attribute 30, 2
  12              		.eabi_attribute 34, 1
  13              		.eabi_attribute 18, 4
  14              		.file	"daisy_verb.cpp"
  15              		.text
  16              	.Ltext0:
  17              		.cfi_sections	.debug_frame
  18              		.section	.text._ZN5daisy9DaisySeedD2Ev,"axG",%progbits,_ZN5daisy9DaisySeedD5Ev,comdat
  19              		.align	1
  20              		.p2align 2,,3
  21              		.weak	_ZN5daisy9DaisySeedD2Ev
  22              		.syntax unified
  23              		.thumb
  24              		.thumb_func
  26              	_ZN5daisy9DaisySeedD2Ev:
  27              	.LVL0:
  28              	.LFB2556:
  29              		.file 1 "../../libDaisy//src/daisy_seed.h"
   1:../../libDaisy//src/daisy_seed.h **** #pragma once
   2:../../libDaisy//src/daisy_seed.h **** #ifndef DSY_SEED_H
   3:../../libDaisy//src/daisy_seed.h **** #define DSY_SEED_H
   4:../../libDaisy//src/daisy_seed.h **** 
   5:../../libDaisy//src/daisy_seed.h **** #include "daisy.h"
   6:../../libDaisy//src/daisy_seed.h **** 
   7:../../libDaisy//src/daisy_seed.h **** //Uncomment this out if you're still using the rev2 hardware
   8:../../libDaisy//src/daisy_seed.h **** //#define SEED_REV2
   9:../../libDaisy//src/daisy_seed.h **** 
  10:../../libDaisy//src/daisy_seed.h **** namespace daisy
  11:../../libDaisy//src/daisy_seed.h **** {
  12:../../libDaisy//src/daisy_seed.h **** /**
  13:../../libDaisy//src/daisy_seed.h ****    @brief This is the higher-level interface for the Daisy board. \n 
  14:../../libDaisy//src/daisy_seed.h ****     All basic peripheral configuration/initialization is setup here. \n
  15:../../libDaisy//src/daisy_seed.h **** 
  16:../../libDaisy//src/daisy_seed.h ****    @ingroup boards
  17:../../libDaisy//src/daisy_seed.h **** */
  18:../../libDaisy//src/daisy_seed.h **** class DaisySeed
  19:../../libDaisy//src/daisy_seed.h **** {
  20:../../libDaisy//src/daisy_seed.h ****   public:
  21:../../libDaisy//src/daisy_seed.h ****     DaisySeed() {}
  22:../../libDaisy//src/daisy_seed.h ****     ~DaisySeed() {}
  30              		.loc 1 22 5 view -0
  31              		.cfi_startproc
  32              		@ args = 0, pretend = 0, frame = 0
  33              		@ frame_needed = 0, uses_anonymous_args = 0
  34              		@ link register save eliminated.
  35              	.LBB79:
  36              	.LBI79:
ARM GAS  /var/folders/8v/j1fbl7tj7xz52nhkjtnwl_x40000gn/T//ccpdGzsI.s 			page 2


  37              		.file 2 "../../libDaisy//src/sys/system.h"
   1:../../libDaisy//src/sys/system.h **** #ifndef DSY_SYSTEM_H
   2:../../libDaisy//src/sys/system.h **** #define DSY_SYSTEM_H
   3:../../libDaisy//src/sys/system.h **** 
   4:../../libDaisy//src/sys/system.h **** #ifndef UNIT_TEST // for unit tests, a dummy implementation is provided below
   5:../../libDaisy//src/sys/system.h **** 
   6:../../libDaisy//src/sys/system.h **** #include <cstdint>
   7:../../libDaisy//src/sys/system.h **** #include "per/tim.h"
   8:../../libDaisy//src/sys/system.h **** 
   9:../../libDaisy//src/sys/system.h **** namespace daisy
  10:../../libDaisy//src/sys/system.h **** {
  11:../../libDaisy//src/sys/system.h **** /** A handle for interacting with the Core System.
  12:../../libDaisy//src/sys/system.h ****  ** This includes the Clock tree, MPU, global DMA initialization,
  13:../../libDaisy//src/sys/system.h ****  ** cache handling, and any other necessary global initiailzation
  14:../../libDaisy//src/sys/system.h ****  **
  15:../../libDaisy//src/sys/system.h ****  ** @author shensley
  16:../../libDaisy//src/sys/system.h ****  ** @ingroup system
  17:../../libDaisy//src/sys/system.h ****  */
  18:../../libDaisy//src/sys/system.h **** class System
  19:../../libDaisy//src/sys/system.h **** {
  20:../../libDaisy//src/sys/system.h ****   public:
  21:../../libDaisy//src/sys/system.h ****     /** Contains settings for initializing the System */
  22:../../libDaisy//src/sys/system.h ****     struct Config
  23:../../libDaisy//src/sys/system.h ****     {
  24:../../libDaisy//src/sys/system.h ****         /** Specifies the system clock frequency that feeds APB/AHB clocks, etc. */
  25:../../libDaisy//src/sys/system.h ****         enum class SysClkFreq
  26:../../libDaisy//src/sys/system.h ****         {
  27:../../libDaisy//src/sys/system.h ****             FREQ_400MHZ,
  28:../../libDaisy//src/sys/system.h ****             FREQ_480MHZ,
  29:../../libDaisy//src/sys/system.h ****         };
  30:../../libDaisy//src/sys/system.h **** 
  31:../../libDaisy//src/sys/system.h ****         /** Method to call on the struct to set to defaults
  32:../../libDaisy//src/sys/system.h ****          ** CPU Freq set to 400MHz
  33:../../libDaisy//src/sys/system.h ****          ** Cache Enabled
  34:../../libDaisy//src/sys/system.h ****          ** */
  35:../../libDaisy//src/sys/system.h ****         void Defaults()
  36:../../libDaisy//src/sys/system.h ****         {
  37:../../libDaisy//src/sys/system.h ****             cpu_freq    = SysClkFreq::FREQ_400MHZ;
  38:../../libDaisy//src/sys/system.h ****             use_dcache  = true;
  39:../../libDaisy//src/sys/system.h ****             use_icache  = true;
  40:../../libDaisy//src/sys/system.h ****             skip_clocks = false;
  41:../../libDaisy//src/sys/system.h ****         }
  42:../../libDaisy//src/sys/system.h **** 
  43:../../libDaisy//src/sys/system.h ****         /** Method to call on the struct to set to boost mode:
  44:../../libDaisy//src/sys/system.h ****          ** CPU Freq set to 480MHz
  45:../../libDaisy//src/sys/system.h ****          ** Cache Enabled
  46:../../libDaisy//src/sys/system.h ****          ** */
  47:../../libDaisy//src/sys/system.h ****         void Boost()
  48:../../libDaisy//src/sys/system.h ****         {
  49:../../libDaisy//src/sys/system.h ****             cpu_freq    = SysClkFreq::FREQ_480MHZ;
  50:../../libDaisy//src/sys/system.h ****             use_dcache  = true;
  51:../../libDaisy//src/sys/system.h ****             use_icache  = true;
  52:../../libDaisy//src/sys/system.h ****             skip_clocks = false;
  53:../../libDaisy//src/sys/system.h ****         }
  54:../../libDaisy//src/sys/system.h **** 
  55:../../libDaisy//src/sys/system.h ****         SysClkFreq cpu_freq;
  56:../../libDaisy//src/sys/system.h ****         bool       use_dcache;
ARM GAS  /var/folders/8v/j1fbl7tj7xz52nhkjtnwl_x40000gn/T//ccpdGzsI.s 			page 3


  57:../../libDaisy//src/sys/system.h ****         bool       use_icache;
  58:../../libDaisy//src/sys/system.h ****         bool       skip_clocks;
  59:../../libDaisy//src/sys/system.h ****     };
  60:../../libDaisy//src/sys/system.h **** 
  61:../../libDaisy//src/sys/system.h ****     /** Describes the different regions of memory available to the Daisy */
  62:../../libDaisy//src/sys/system.h ****     enum MemoryRegion
  63:../../libDaisy//src/sys/system.h ****     {
  64:../../libDaisy//src/sys/system.h ****         INTERNAL_FLASH = 0,
  65:../../libDaisy//src/sys/system.h ****         ITCMRAM,
  66:../../libDaisy//src/sys/system.h ****         DTCMRAM,
  67:../../libDaisy//src/sys/system.h ****         SRAM_D1,
  68:../../libDaisy//src/sys/system.h ****         SRAM_D2,
  69:../../libDaisy//src/sys/system.h ****         SRAM_D3,
  70:../../libDaisy//src/sys/system.h ****         SDRAM,
  71:../../libDaisy//src/sys/system.h ****         QSPI,
  72:../../libDaisy//src/sys/system.h ****         INVALID_ADDRESS,
  73:../../libDaisy//src/sys/system.h ****     };
  74:../../libDaisy//src/sys/system.h **** 
  75:../../libDaisy//src/sys/system.h ****     /** Bootloader struct for controlling bootloading parameters */
  76:../../libDaisy//src/sys/system.h ****     struct BootInfo
  77:../../libDaisy//src/sys/system.h ****     {
  78:../../libDaisy//src/sys/system.h ****         enum class Type : uint32_t
  79:../../libDaisy//src/sys/system.h ****         {
  80:../../libDaisy//src/sys/system.h ****             INVALID      = 0x00000000,
  81:../../libDaisy//src/sys/system.h ****             JUMP         = 0xDEADBEEF,
  82:../../libDaisy//src/sys/system.h ****             SKIP_TIMEOUT = 0x5AFEB007,
  83:../../libDaisy//src/sys/system.h ****             INF_TIMEOUT  = 0xB0074EFA,
  84:../../libDaisy//src/sys/system.h ****         } status;
  85:../../libDaisy//src/sys/system.h ****         uint32_t data;
  86:../../libDaisy//src/sys/system.h ****         enum class Version : uint32_t
  87:../../libDaisy//src/sys/system.h ****         {
  88:../../libDaisy//src/sys/system.h ****             LT_v6_0 = 0, // Less than v6.0
  89:../../libDaisy//src/sys/system.h ****             NONE,        // No bootloader present
  90:../../libDaisy//src/sys/system.h ****             v6_0,        // v6.0
  91:../../libDaisy//src/sys/system.h ****             v6_1,        // v6.1 or greater
  92:../../libDaisy//src/sys/system.h ****             LAST
  93:../../libDaisy//src/sys/system.h ****         } version;
  94:../../libDaisy//src/sys/system.h ****     };
  95:../../libDaisy//src/sys/system.h **** 
  96:../../libDaisy//src/sys/system.h ****     System() {}
  97:../../libDaisy//src/sys/system.h ****     ~System() {}
  38              		.loc 2 97 5 view .LVU1
  39              		.loc 2 97 5 is_stmt 0 view .LVU2
  40              	.LBE79:
  41              	.LBB80:
  42              	.LBI80:
  43              		.file 3 "../../libDaisy//src/hid/usb.h"
   1:../../libDaisy//src/hid/usb.h **** #pragma once
   2:../../libDaisy//src/hid/usb.h **** #ifndef DSY_HID_USB_H
   3:../../libDaisy//src/hid/usb.h **** #define DSY_HID_USB_H
   4:../../libDaisy//src/hid/usb.h **** #include <stdint.h>
   5:../../libDaisy//src/hid/usb.h **** #include <stdlib.h>
   6:../../libDaisy//src/hid/usb.h **** 
   7:../../libDaisy//src/hid/usb.h **** namespace daisy
   8:../../libDaisy//src/hid/usb.h **** /** @addtogroup human_interface
   9:../../libDaisy//src/hid/usb.h ****     @{
  10:../../libDaisy//src/hid/usb.h **** */
ARM GAS  /var/folders/8v/j1fbl7tj7xz52nhkjtnwl_x40000gn/T//ccpdGzsI.s 			page 4


  11:../../libDaisy//src/hid/usb.h **** 
  12:../../libDaisy//src/hid/usb.h **** {
  13:../../libDaisy//src/hid/usb.h **** /** 
  14:../../libDaisy//src/hid/usb.h ****     @brief Interface for initializing and using the USB Peripherals on the daisy
  15:../../libDaisy//src/hid/usb.h ****     @author Stephen Hensley
  16:../../libDaisy//src/hid/usb.h ****     @date December 2019
  17:../../libDaisy//src/hid/usb.h **** */
  18:../../libDaisy//src/hid/usb.h **** class UsbHandle
  19:../../libDaisy//src/hid/usb.h **** {
  20:../../libDaisy//src/hid/usb.h ****   public:
  21:../../libDaisy//src/hid/usb.h ****     /** Return values for USBHandle Functions */
  22:../../libDaisy//src/hid/usb.h ****     enum class Result
  23:../../libDaisy//src/hid/usb.h ****     {
  24:../../libDaisy//src/hid/usb.h ****         OK,
  25:../../libDaisy//src/hid/usb.h ****         ERR,
  26:../../libDaisy//src/hid/usb.h ****     };
  27:../../libDaisy//src/hid/usb.h **** 
  28:../../libDaisy//src/hid/usb.h ****     /** Specified which of the two USB Peripherals to initialize. */
  29:../../libDaisy//src/hid/usb.h ****     enum UsbPeriph
  30:../../libDaisy//src/hid/usb.h ****     {
  31:../../libDaisy//src/hid/usb.h ****         FS_INTERNAL, /**< Internal pin */
  32:../../libDaisy//src/hid/usb.h ****         FS_EXTERNAL, /**< FS External D+ pin is Pin 38 (GPIO32). FS External D- pin is Pin 37 (GPIO
  33:../../libDaisy//src/hid/usb.h ****         FS_BOTH,     /**< Both */
  34:../../libDaisy//src/hid/usb.h ****     };
  35:../../libDaisy//src/hid/usb.h **** 
  36:../../libDaisy//src/hid/usb.h **** 
  37:../../libDaisy//src/hid/usb.h ****     /** Function called upon reception of a buffer */
  38:../../libDaisy//src/hid/usb.h ****     typedef void (*ReceiveCallback)(uint8_t* buff, uint32_t* len);
  39:../../libDaisy//src/hid/usb.h **** 
  40:../../libDaisy//src/hid/usb.h ****     UsbHandle() {}
  41:../../libDaisy//src/hid/usb.h **** 
  42:../../libDaisy//src/hid/usb.h ****     ~UsbHandle() {}
  44              		.loc 3 42 5 is_stmt 1 view .LVU3
  45              		.loc 3 42 5 is_stmt 0 view .LVU4
  46              	.LBE80:
  47              	.LBB81:
  48              	.LBI81:
  49              		.file 4 "../../libDaisy//src/per/adc.h"
   1:../../libDaisy//src/per/adc.h **** #pragma once
   2:../../libDaisy//src/per/adc.h **** #ifndef DSY_ADC_H
   3:../../libDaisy//src/per/adc.h **** #define DSY_ADC_H /**< Macro */
   4:../../libDaisy//src/per/adc.h **** #include <stdint.h>
   5:../../libDaisy//src/per/adc.h **** #include <stdlib.h>
   6:../../libDaisy//src/per/adc.h **** #include "daisy_core.h"
   7:../../libDaisy//src/per/adc.h **** #include "per/gpio.h"
   8:../../libDaisy//src/per/adc.h **** 
   9:../../libDaisy//src/per/adc.h **** #define DSY_ADC_MAX_CHANNELS 16 /**< Maximum number of ADC channels */
  10:../../libDaisy//src/per/adc.h **** 
  11:../../libDaisy//src/per/adc.h **** namespace daisy
  12:../../libDaisy//src/per/adc.h **** {
  13:../../libDaisy//src/per/adc.h **** /** @addtogroup per_analog
  14:../../libDaisy//src/per/adc.h ****     @{
  15:../../libDaisy//src/per/adc.h **** */
  16:../../libDaisy//src/per/adc.h **** 
  17:../../libDaisy//src/per/adc.h **** /* While there may not be many configuration options here,
  18:../../libDaisy//src/per/adc.h **** using a struct like this allows us to add more configuration
  19:../../libDaisy//src/per/adc.h **** later without breaking existing functionality.
ARM GAS  /var/folders/8v/j1fbl7tj7xz52nhkjtnwl_x40000gn/T//ccpdGzsI.s 			page 5


  20:../../libDaisy//src/per/adc.h **** */
  21:../../libDaisy//src/per/adc.h **** 
  22:../../libDaisy//src/per/adc.h **** /** @brief   Configuration Structure for an ADC Channel 
  23:../../libDaisy//src/per/adc.h ****  *  @details This can be used to configure a a single input, 
  24:../../libDaisy//src/per/adc.h ****  *           or a multiplexed input, allowing up to 8 inputs on 
  25:../../libDaisy//src/per/adc.h ****  *           one channel.
  26:../../libDaisy//src/per/adc.h ****  *  @note    Sharing data lines to multiple muxes _is_ possible, but
  27:../../libDaisy//src/per/adc.h ****  *           each channel sharing data lines must be set to the maximum
  28:../../libDaisy//src/per/adc.h ****  *           number of channels, even if some multiplexers have fewer
  29:../../libDaisy//src/per/adc.h ****  *           inputs connected.
  30:../../libDaisy//src/per/adc.h **** */
  31:../../libDaisy//src/per/adc.h **** struct AdcChannelConfig
  32:../../libDaisy//src/per/adc.h **** {
  33:../../libDaisy//src/per/adc.h ****     /** Which pin to use for multiplexing */
  34:../../libDaisy//src/per/adc.h ****     enum MuxPin
  35:../../libDaisy//src/per/adc.h ****     {
  36:../../libDaisy//src/per/adc.h ****         MUX_SEL_0,    /**< & */
  37:../../libDaisy//src/per/adc.h ****         MUX_SEL_1,    /**< & */
  38:../../libDaisy//src/per/adc.h ****         MUX_SEL_2,    /**< & */
  39:../../libDaisy//src/per/adc.h ****         MUX_SEL_LAST, /**< & */
  40:../../libDaisy//src/per/adc.h ****     };
  41:../../libDaisy//src/per/adc.h **** 
  42:../../libDaisy//src/per/adc.h ****     /** \brief per channel conversion speed added to fixed time based on bitdepth, etc. */
  43:../../libDaisy//src/per/adc.h ****     enum ConversionSpeed
  44:../../libDaisy//src/per/adc.h ****     {
  45:../../libDaisy//src/per/adc.h ****         SPEED_1CYCLES_5,
  46:../../libDaisy//src/per/adc.h ****         SPEED_2CYCLES_5,
  47:../../libDaisy//src/per/adc.h ****         SPEED_8CYCLES_5,
  48:../../libDaisy//src/per/adc.h ****         SPEED_16CYCLES_5,
  49:../../libDaisy//src/per/adc.h ****         SPEED_32CYCLES_5,
  50:../../libDaisy//src/per/adc.h ****         SPEED_64CYCLES_5,
  51:../../libDaisy//src/per/adc.h ****         SPEED_387CYCLES_5,
  52:../../libDaisy//src/per/adc.h ****         SPEED_810CYCLES_5,
  53:../../libDaisy//src/per/adc.h ****     };
  54:../../libDaisy//src/per/adc.h **** 
  55:../../libDaisy//src/per/adc.h ****     /** Initializes a single ADC pin as an ADC. 
  56:../../libDaisy//src/per/adc.h ****     \param pin Pin to init.
  57:../../libDaisy//src/per/adc.h ****     \param speed conversion speed for this pin defaults to 8.5 cycles
  58:../../libDaisy//src/per/adc.h ****      */
  59:../../libDaisy//src/per/adc.h ****     void InitSingle(dsy_gpio_pin pin, ConversionSpeed speed = SPEED_8CYCLES_5);
  60:../../libDaisy//src/per/adc.h **** 
  61:../../libDaisy//src/per/adc.h ****     /** 
  62:../../libDaisy//src/per/adc.h ****     Initializes a single ADC pin as a Multiplexed ADC.
  63:../../libDaisy//src/per/adc.h ****     Requires a CD405X Multiplexer connected to the pin.
  64:../../libDaisy//src/per/adc.h ****     You only need to supply the mux pins that are required,
  65:../../libDaisy//src/per/adc.h ****     e.g. a 4052 mux would only require mux_0 and mux_1.
  66:../../libDaisy//src/per/adc.h ****     Internal Callbacks handle the pin addressing.
  67:../../libDaisy//src/per/adc.h ****     \param adc_pin &
  68:../../libDaisy//src/per/adc.h ****     \param mux_channels must be 1-8
  69:../../libDaisy//src/per/adc.h ****     \param mux_0 First mux pin
  70:../../libDaisy//src/per/adc.h ****     \param mux_1 Second mux pin
  71:../../libDaisy//src/per/adc.h ****     \param mux_2 Third mux pin
  72:../../libDaisy//src/per/adc.h ****     \param speed conversion speed for this pin defaults to 8.5 cycles
  73:../../libDaisy//src/per/adc.h ****     */
  74:../../libDaisy//src/per/adc.h ****     void InitMux(dsy_gpio_pin    adc_pin,
  75:../../libDaisy//src/per/adc.h ****                  size_t          mux_channels,
  76:../../libDaisy//src/per/adc.h ****                  dsy_gpio_pin    mux_0,
ARM GAS  /var/folders/8v/j1fbl7tj7xz52nhkjtnwl_x40000gn/T//ccpdGzsI.s 			page 6


  77:../../libDaisy//src/per/adc.h ****                  dsy_gpio_pin    mux_1 = {DSY_GPIOX, 0},
  78:../../libDaisy//src/per/adc.h ****                  dsy_gpio_pin    mux_2 = {DSY_GPIOX, 0},
  79:../../libDaisy//src/per/adc.h ****                  ConversionSpeed speed = SPEED_8CYCLES_5);
  80:../../libDaisy//src/per/adc.h **** 
  81:../../libDaisy//src/per/adc.h ****     dsy_gpio        pin_;                   /**< & */
  82:../../libDaisy//src/per/adc.h ****     dsy_gpio        mux_pin_[MUX_SEL_LAST]; /**< & */
  83:../../libDaisy//src/per/adc.h ****     uint8_t         mux_channels_;          /**< & */
  84:../../libDaisy//src/per/adc.h ****     ConversionSpeed speed_;
  85:../../libDaisy//src/per/adc.h **** };
  86:../../libDaisy//src/per/adc.h **** 
  87:../../libDaisy//src/per/adc.h **** /**
  88:../../libDaisy//src/per/adc.h ****    @brief Handler for analog to digital conversion
  89:../../libDaisy//src/per/adc.h **** */
  90:../../libDaisy//src/per/adc.h **** class AdcHandle
  91:../../libDaisy//src/per/adc.h **** {
  92:../../libDaisy//src/per/adc.h ****   public:
  93:../../libDaisy//src/per/adc.h ****     /** Supported oversampling amounts */
  94:../../libDaisy//src/per/adc.h ****     enum OverSampling
  95:../../libDaisy//src/per/adc.h ****     {
  96:../../libDaisy//src/per/adc.h ****         OVS_NONE, /**< & */
  97:../../libDaisy//src/per/adc.h ****         OVS_4,    /**< & */
  98:../../libDaisy//src/per/adc.h ****         OVS_8,    /**< & */
  99:../../libDaisy//src/per/adc.h ****         OVS_16,   /**< & */
 100:../../libDaisy//src/per/adc.h ****         OVS_32,   /**< & */
 101:../../libDaisy//src/per/adc.h ****         OVS_64,   /**< & */
 102:../../libDaisy//src/per/adc.h ****         OVS_128,  /**< & */
 103:../../libDaisy//src/per/adc.h ****         OVS_256,  /**< & */
 104:../../libDaisy//src/per/adc.h ****         OVS_512,  /**< & */
 105:../../libDaisy//src/per/adc.h ****         OVS_1024, /**< & */
 106:../../libDaisy//src/per/adc.h ****         OVS_LAST, /**< & */
 107:../../libDaisy//src/per/adc.h ****     };
 108:../../libDaisy//src/per/adc.h **** 
 109:../../libDaisy//src/per/adc.h ****     AdcHandle() {}
 110:../../libDaisy//src/per/adc.h ****     ~AdcHandle() {}
  50              		.loc 4 110 5 is_stmt 1 view .LVU5
  51              		.loc 4 110 5 is_stmt 0 view .LVU6
  52              	.LBE81:
  53              	.LBB82:
  54              	.LBI82:
  55              		.file 5 "../../libDaisy//src/hid/audio.h"
   1:../../libDaisy//src/hid/audio.h **** #ifndef DSY_AUDIO_H
   2:../../libDaisy//src/hid/audio.h **** #define DSY_AUDIO_H /**< & */
   3:../../libDaisy//src/hid/audio.h **** 
   4:../../libDaisy//src/hid/audio.h **** #include "per/sai.h"
   5:../../libDaisy//src/hid/audio.h **** 
   6:../../libDaisy//src/hid/audio.h **** namespace daisy
   7:../../libDaisy//src/hid/audio.h **** {
   8:../../libDaisy//src/hid/audio.h **** /** @brief Audio Engine Handle
   9:../../libDaisy//src/hid/audio.h ****  *  @ingroup audio 
  10:../../libDaisy//src/hid/audio.h ****  *  @details This class allows for higher level access to an audio engine.
  11:../../libDaisy//src/hid/audio.h ****  *           If you're using a SOM like the DaisySeed or DaisyPatchSM (or any 
  12:../../libDaisy//src/hid/audio.h ****  *            board that includes one of those objects) then the intialization
  13:../../libDaisy//src/hid/audio.h ****  *            is already taken  care of.
  14:../../libDaisy//src/hid/audio.h ****  *           If you're setting up your own custom hardware, or need to make changes
  15:../../libDaisy//src/hid/audio.h ****  *           you will have to take the following steps:
  16:../../libDaisy//src/hid/audio.h ****  *             1. Create and Initialize an SaiHandle or two depending on your requirements
  17:../../libDaisy//src/hid/audio.h ****  *             2. Initialize the Audio Handle with the desired settings and the Initialized SaiHand
ARM GAS  /var/folders/8v/j1fbl7tj7xz52nhkjtnwl_x40000gn/T//ccpdGzsI.s 			page 7


  18:../../libDaisy//src/hid/audio.h ****  *             3. If the connected codec requires special configuration or initialization, do so
  19:../../libDaisy//src/hid/audio.h ****  *             4. Write a callback method using either the AudioCallback or the InterleavingAudioCa
  20:../../libDaisy//src/hid/audio.h ****  *             5. Start the Audio using one of the StartAudio function
  21:../../libDaisy//src/hid/audio.h ****  */
  22:../../libDaisy//src/hid/audio.h **** class AudioHandle
  23:../../libDaisy//src/hid/audio.h **** {
  24:../../libDaisy//src/hid/audio.h ****   public:
  25:../../libDaisy//src/hid/audio.h ****     /** Manually configurable details about the Audio Engine */
  26:../../libDaisy//src/hid/audio.h ****     /** TODO: Figure out how to get samplerate in here. */
  27:../../libDaisy//src/hid/audio.h ****     struct Config
  28:../../libDaisy//src/hid/audio.h ****     {
  29:../../libDaisy//src/hid/audio.h ****         /** number of samples to process per callback */
  30:../../libDaisy//src/hid/audio.h ****         size_t blocksize;
  31:../../libDaisy//src/hid/audio.h **** 
  32:../../libDaisy//src/hid/audio.h ****         /**< Sample rate of audio */
  33:../../libDaisy//src/hid/audio.h ****         SaiHandle::Config::SampleRate samplerate;
  34:../../libDaisy//src/hid/audio.h **** 
  35:../../libDaisy//src/hid/audio.h ****         /** factor for adjustment before and after callback for hardware that may have extra headro
  36:../../libDaisy//src/hid/audio.h ****         float postgain;
  37:../../libDaisy//src/hid/audio.h **** 
  38:../../libDaisy//src/hid/audio.h ****         /** factor for additional one-sided compensation to audio path for hardware that may
  39:../../libDaisy//src/hid/audio.h ****          *  have unequal input/output ranges
  40:../../libDaisy//src/hid/audio.h ****          */
  41:../../libDaisy//src/hid/audio.h ****         float output_compensation;
  42:../../libDaisy//src/hid/audio.h **** 
  43:../../libDaisy//src/hid/audio.h ****         /** Sets default values for config struct */
  44:../../libDaisy//src/hid/audio.h ****         Config()
  45:../../libDaisy//src/hid/audio.h ****         : blocksize(48),
  46:../../libDaisy//src/hid/audio.h ****           samplerate(SaiHandle::Config::SampleRate::SAI_48KHZ),
  47:../../libDaisy//src/hid/audio.h ****           postgain(1.f),
  48:../../libDaisy//src/hid/audio.h ****           output_compensation(1.f)
  49:../../libDaisy//src/hid/audio.h ****         {
  50:../../libDaisy//src/hid/audio.h ****         }
  51:../../libDaisy//src/hid/audio.h ****     };
  52:../../libDaisy//src/hid/audio.h **** 
  53:../../libDaisy//src/hid/audio.h ****     enum class Result
  54:../../libDaisy//src/hid/audio.h ****     {
  55:../../libDaisy//src/hid/audio.h ****         OK,
  56:../../libDaisy//src/hid/audio.h ****         ERR,
  57:../../libDaisy//src/hid/audio.h ****     };
  58:../../libDaisy//src/hid/audio.h **** 
  59:../../libDaisy//src/hid/audio.h ****     /** Non-Interleaving input buffer
  60:../../libDaisy//src/hid/audio.h ****      * Buffer arranged by float[chn][sample] 
  61:../../libDaisy//src/hid/audio.h ****      * const so that the user can't modify the input
  62:../../libDaisy//src/hid/audio.h ****      */
  63:../../libDaisy//src/hid/audio.h ****     typedef const float* const* InputBuffer;
  64:../../libDaisy//src/hid/audio.h **** 
  65:../../libDaisy//src/hid/audio.h ****     /** Non-Interleaving output buffer
  66:../../libDaisy//src/hid/audio.h ****      * Arranged by float[chn][sample] 
  67:../../libDaisy//src/hid/audio.h ****      */
  68:../../libDaisy//src/hid/audio.h ****     typedef float** OutputBuffer;
  69:../../libDaisy//src/hid/audio.h **** 
  70:../../libDaisy//src/hid/audio.h ****     /** Type for a Non-Interleaving audio callback 
  71:../../libDaisy//src/hid/audio.h ****      * Non-Interleaving audio callbacks in daisy will be of this type
  72:../../libDaisy//src/hid/audio.h ****      */
  73:../../libDaisy//src/hid/audio.h ****     typedef void (*AudioCallback)(InputBuffer  in,
  74:../../libDaisy//src/hid/audio.h ****                                   OutputBuffer out,
ARM GAS  /var/folders/8v/j1fbl7tj7xz52nhkjtnwl_x40000gn/T//ccpdGzsI.s 			page 8


  75:../../libDaisy//src/hid/audio.h ****                                   size_t       size);
  76:../../libDaisy//src/hid/audio.h **** 
  77:../../libDaisy//src/hid/audio.h ****     /** Interleaving Input buffer
  78:../../libDaisy//src/hid/audio.h ****      ** audio is prepared as { L0, R0, L1, R1, . . . LN, RN }]
  79:../../libDaisy//src/hid/audio.h ****      ** this is const, as the user shouldn't modify it
  80:../../libDaisy//src/hid/audio.h ****     */
  81:../../libDaisy//src/hid/audio.h ****     typedef const float* InterleavingInputBuffer;
  82:../../libDaisy//src/hid/audio.h **** 
  83:../../libDaisy//src/hid/audio.h ****     /** Interleaving Output buffer 
  84:../../libDaisy//src/hid/audio.h ****      ** audio is prepared as { L0, R0, L1, R1, . . . LN, RN }
  85:../../libDaisy//src/hid/audio.h ****     */
  86:../../libDaisy//src/hid/audio.h ****     typedef float* InterleavingOutputBuffer;
  87:../../libDaisy//src/hid/audio.h **** 
  88:../../libDaisy//src/hid/audio.h ****     /** Interleaving Audio Callback 
  89:../../libDaisy//src/hid/audio.h ****      * Interleaving audio callbacks in daisy must be of this type
  90:../../libDaisy//src/hid/audio.h ****      */
  91:../../libDaisy//src/hid/audio.h ****     typedef void (*InterleavingAudioCallback)(InterleavingInputBuffer  in,
  92:../../libDaisy//src/hid/audio.h ****                                               InterleavingOutputBuffer out,
  93:../../libDaisy//src/hid/audio.h ****                                               size_t                   size);
  94:../../libDaisy//src/hid/audio.h **** 
  95:../../libDaisy//src/hid/audio.h ****     AudioHandle() : pimpl_(nullptr) {}
  96:../../libDaisy//src/hid/audio.h ****     ~AudioHandle() {}
  56              		.loc 5 96 5 is_stmt 1 view .LVU7
  57              		.loc 5 96 5 is_stmt 0 view .LVU8
  58              	.LBE82:
  59              		.loc 1 22 19 view .LVU9
  60 0000 7047     		bx	lr
  61              		.cfi_endproc
  62              	.LFE2556:
  64              		.weak	_ZN5daisy9DaisySeedD1Ev
  65              		.thumb_set _ZN5daisy9DaisySeedD1Ev,_ZN5daisy9DaisySeedD2Ev
  66 0002 00BF     		.section	.text._ZN7daisysp10OscillatorD2Ev,"axG",%progbits,_ZN7daisysp10OscillatorD5Ev,comdat
  67              		.align	1
  68              		.p2align 2,,3
  69              		.weak	_ZN7daisysp10OscillatorD2Ev
  70              		.syntax unified
  71              		.thumb
  72              		.thumb_func
  74              	_ZN7daisysp10OscillatorD2Ev:
  75              	.LVL1:
  76              	.LFB4241:
  77              		.file 6 "../../DaisySP//Source/Synthesis/oscillator.h"
   1:../../DaisySP//Source/Synthesis/oscillator.h **** /*
   2:../../DaisySP//Source/Synthesis/oscillator.h **** Copyright (c) 2020 Electrosmith, Corp
   3:../../DaisySP//Source/Synthesis/oscillator.h **** 
   4:../../DaisySP//Source/Synthesis/oscillator.h **** Use of this source code is governed by an MIT-style
   5:../../DaisySP//Source/Synthesis/oscillator.h **** license that can be found in the LICENSE file or at
   6:../../DaisySP//Source/Synthesis/oscillator.h **** https://opensource.org/licenses/MIT.
   7:../../DaisySP//Source/Synthesis/oscillator.h **** */
   8:../../DaisySP//Source/Synthesis/oscillator.h **** 
   9:../../DaisySP//Source/Synthesis/oscillator.h **** #pragma once
  10:../../DaisySP//Source/Synthesis/oscillator.h **** #ifndef DSY_OSCILLATOR_H
  11:../../DaisySP//Source/Synthesis/oscillator.h **** #define DSY_OSCILLATOR_H
  12:../../DaisySP//Source/Synthesis/oscillator.h **** #include <stdint.h>
  13:../../DaisySP//Source/Synthesis/oscillator.h **** #include "Utility/dsp.h"
  14:../../DaisySP//Source/Synthesis/oscillator.h **** #ifdef __cplusplus
  15:../../DaisySP//Source/Synthesis/oscillator.h **** 
ARM GAS  /var/folders/8v/j1fbl7tj7xz52nhkjtnwl_x40000gn/T//ccpdGzsI.s 			page 9


  16:../../DaisySP//Source/Synthesis/oscillator.h **** namespace daisysp
  17:../../DaisySP//Source/Synthesis/oscillator.h **** {
  18:../../DaisySP//Source/Synthesis/oscillator.h **** /** Synthesis of several waveforms, including polyBLEP bandlimited waveforms.
  19:../../DaisySP//Source/Synthesis/oscillator.h **** */
  20:../../DaisySP//Source/Synthesis/oscillator.h **** class Oscillator
  21:../../DaisySP//Source/Synthesis/oscillator.h **** {
  22:../../DaisySP//Source/Synthesis/oscillator.h ****   public:
  23:../../DaisySP//Source/Synthesis/oscillator.h ****     Oscillator() {}
  24:../../DaisySP//Source/Synthesis/oscillator.h ****     ~Oscillator() {}
  78              		.loc 6 24 5 is_stmt 1 view -0
  79              		.cfi_startproc
  80              		@ args = 0, pretend = 0, frame = 0
  81              		@ frame_needed = 0, uses_anonymous_args = 0
  82              		@ link register save eliminated.
  83              		.loc 6 24 20 is_stmt 0 view .LVU11
  84 0000 7047     		bx	lr
  85              		.cfi_endproc
  86              	.LFE4241:
  88              		.weak	_ZN7daisysp10OscillatorD1Ev
  89              		.thumb_set _ZN7daisysp10OscillatorD1Ev,_ZN7daisysp10OscillatorD2Ev
  90 0002 00BF     		.section	.text._Z13AudioCallbackPKPKfPPfj,"ax",%progbits
  91              		.align	1
  92              		.p2align 2,,3
  93              		.global	_Z13AudioCallbackPKPKfPPfj
  94              		.syntax unified
  95              		.thumb
  96              		.thumb_func
  98              	_Z13AudioCallbackPKPKfPPfj:
  99              	.LVL2:
 100              	.LFB4682:
 101              		.file 7 "daisy_verb.cpp"
   1:daisy_verb.cpp **** #include <string.h>
   2:daisy_verb.cpp **** #include "daisy_seed.h"
   3:daisy_verb.cpp **** #include "daisysp.h"
   4:daisy_verb.cpp **** 
   5:daisy_verb.cpp **** using namespace daisy;
   6:daisy_verb.cpp **** 
   7:daisy_verb.cpp **** DaisySeed hw;
   8:daisy_verb.cpp **** daisysp::Oscillator osc;
   9:daisy_verb.cpp **** 
  10:daisy_verb.cpp **** void AudioCallback(AudioHandle::InputBuffer in,
  11:daisy_verb.cpp **** 				   AudioHandle::OutputBuffer out,
  12:daisy_verb.cpp **** 				   size_t size)
  13:daisy_verb.cpp **** {
 102              		.loc 7 13 1 is_stmt 1 view -0
 103              		.cfi_startproc
 104              		@ args = 0, pretend = 0, frame = 0
 105              		@ frame_needed = 0, uses_anonymous_args = 0
  14:daisy_verb.cpp **** 	for (size_t i = 0; i < size; i++)
 106              		.loc 7 14 2 view .LVU13
 107              	.LBB83:
 108              		.loc 7 14 23 view .LVU14
 109 0000 A2B1     		cbz	r2, .L12
 110              	.LBE83:
  13:daisy_verb.cpp **** 	for (size_t i = 0; i < size; i++)
 111              		.loc 7 13 1 is_stmt 0 view .LVU15
 112 0002 70B5     		push	{r4, r5, r6, lr}
ARM GAS  /var/folders/8v/j1fbl7tj7xz52nhkjtnwl_x40000gn/T//ccpdGzsI.s 			page 10


 113              		.cfi_def_cfa_offset 16
 114              		.cfi_offset 4, -16
 115              		.cfi_offset 5, -12
 116              		.cfi_offset 6, -8
 117              		.cfi_offset 14, -4
 118 0004 0D46     		mov	r5, r1
 119 0006 1646     		mov	r6, r2
 120              	.LBB87:
 121              		.loc 7 14 14 view .LVU16
 122 0008 0024     		movs	r4, #0
 123              	.LVL3:
 124              	.L6:
 125              	.LBB84:
  15:daisy_verb.cpp **** 	{
  16:daisy_verb.cpp **** 		float sig = osc.Process();
 126              		.loc 7 16 3 is_stmt 1 discriminator 2 view .LVU17
 127              		.loc 7 16 26 is_stmt 0 discriminator 2 view .LVU18
 128 000a 0948     		ldr	r0, .L15
 129 000c FFF7FEFF 		bl	_ZN7daisysp10Oscillator7ProcessEv
 130              	.LVL4:
  17:daisy_verb.cpp **** 		out[0][i] = sig;
  18:daisy_verb.cpp **** 		out[1][i] = sig;
 131              		.loc 7 18 13 discriminator 2 view .LVU19
 132 0010 D5E90003 		ldrd	r0, r3, [r5]
 133              	.LVL5:
  17:daisy_verb.cpp **** 		out[0][i] = sig;
 134              		.loc 7 17 3 is_stmt 1 discriminator 2 view .LVU20
  17:daisy_verb.cpp **** 		out[0][i] = sig;
 135              		.loc 7 17 13 is_stmt 0 discriminator 2 view .LVU21
 136 0014 00EB8400 		add	r0, r0, r4, lsl #2
 137              		.loc 7 18 13 discriminator 2 view .LVU22
 138 0018 03EB8403 		add	r3, r3, r4, lsl #2
 139              	.LBE84:
  14:daisy_verb.cpp **** 	{
 140              		.loc 7 14 2 discriminator 2 view .LVU23
 141 001c 0134     		adds	r4, r4, #1
 142              	.LVL6:
 143              	.LBB85:
  17:daisy_verb.cpp **** 		out[0][i] = sig;
 144              		.loc 7 17 13 discriminator 2 view .LVU24
 145 001e 80ED000A 		vstr.32	s0, [r0]
 146              		.loc 7 18 3 is_stmt 1 discriminator 2 view .LVU25
 147              	.LBE85:
  14:daisy_verb.cpp **** 	{
 148              		.loc 7 14 23 is_stmt 0 discriminator 2 view .LVU26
 149 0022 A642     		cmp	r6, r4
 150              	.LBB86:
 151              		.loc 7 18 13 discriminator 2 view .LVU27
 152 0024 83ED000A 		vstr.32	s0, [r3]
 153              	.LBE86:
  14:daisy_verb.cpp **** 	{
 154              		.loc 7 14 2 is_stmt 1 discriminator 2 view .LVU28
 155              	.LVL7:
  14:daisy_verb.cpp **** 	{
 156              		.loc 7 14 23 discriminator 2 view .LVU29
 157 0028 EFD1     		bne	.L6
 158              	.LBE87:
ARM GAS  /var/folders/8v/j1fbl7tj7xz52nhkjtnwl_x40000gn/T//ccpdGzsI.s 			page 11


  19:daisy_verb.cpp **** 	}
  20:daisy_verb.cpp **** }
 159              		.loc 7 20 1 is_stmt 0 view .LVU30
 160 002a 70BD     		pop	{r4, r5, r6, pc}
 161              	.LVL8:
 162              	.L12:
 163              		.cfi_def_cfa_offset 0
 164              		.cfi_restore 4
 165              		.cfi_restore 5
 166              		.cfi_restore 6
 167              		.cfi_restore 14
 168              		.loc 7 20 1 view .LVU31
 169 002c 7047     		bx	lr
 170              	.L16:
 171 002e 00BF     		.align	2
 172              	.L15:
 173 0030 00000000 		.word	.LANCHOR0
 174              		.cfi_endproc
 175              	.LFE4682:
 177              		.section	.text.startup.main,"ax",%progbits
 178              		.align	1
 179              		.p2align 2,,3
 180              		.global	main
 181              		.syntax unified
 182              		.thumb
 183              		.thumb_func
 185              	main:
 186              	.LFB4683:
  21:daisy_verb.cpp **** 
  22:daisy_verb.cpp **** int main(void)
  23:daisy_verb.cpp **** {
 187              		.loc 7 23 1 is_stmt 1 view -0
 188              		.cfi_startproc
 189              		@ args = 0, pretend = 0, frame = 0
 190              		@ frame_needed = 0, uses_anonymous_args = 0
  24:daisy_verb.cpp **** 	// initialising the hardware
  25:daisy_verb.cpp **** 	hw.Configure();
 191              		.loc 7 25 2 view .LVU33
  23:daisy_verb.cpp **** 	// initialising the hardware
 192              		.loc 7 23 1 is_stmt 0 view .LVU34
 193 0000 38B5     		push	{r3, r4, r5, lr}
 194              		.cfi_def_cfa_offset 16
 195              		.cfi_offset 3, -16
 196              		.cfi_offset 4, -12
 197              		.cfi_offset 5, -8
 198              		.cfi_offset 14, -4
 199              		.loc 7 25 14 view .LVU35
 200 0002 2948     		ldr	r0, .L20
  26:daisy_verb.cpp **** 	hw.Init();
  27:daisy_verb.cpp **** 	// configuring DS for audio
  28:daisy_verb.cpp **** 	hw.SetAudioBlockSize(4); // number of samples handled per callback
  29:daisy_verb.cpp **** 	hw.SetAudioSampleRate(SaiHandle::Config::SampleRate::SAI_48KHZ);
  30:daisy_verb.cpp **** 	// oscillator config
  31:daisy_verb.cpp **** 	osc.Init(hw.AudioSampleRate()); // set the osc sr to the same as the board
  32:daisy_verb.cpp **** 	osc.SetFreq(1000);
  33:daisy_verb.cpp **** 	osc.SetAmp(1);
  34:daisy_verb.cpp **** 	// start audio callback
ARM GAS  /var/folders/8v/j1fbl7tj7xz52nhkjtnwl_x40000gn/T//ccpdGzsI.s 			page 12


  35:daisy_verb.cpp **** 	hw.StartAudio(AudioCallback);
  36:daisy_verb.cpp **** 	// getting the bastard LED blinking
  37:daisy_verb.cpp **** 	bool led_state;
  38:daisy_verb.cpp **** 	led_state = true;
 201              		.loc 7 38 12 view .LVU36
 202 0004 0124     		movs	r4, #1
 203              	.LBB94:
 204              	.LBB95:
  25:../../DaisySP//Source/Synthesis/oscillator.h ****     /** Choices for output waveforms, POLYBLEP are appropriately labeled. Others are naive forms.
  26:../../DaisySP//Source/Synthesis/oscillator.h ****     */
  27:../../DaisySP//Source/Synthesis/oscillator.h ****     enum
  28:../../DaisySP//Source/Synthesis/oscillator.h ****     {
  29:../../DaisySP//Source/Synthesis/oscillator.h ****         WAVE_SIN,
  30:../../DaisySP//Source/Synthesis/oscillator.h ****         WAVE_TRI,
  31:../../DaisySP//Source/Synthesis/oscillator.h ****         WAVE_SAW,
  32:../../DaisySP//Source/Synthesis/oscillator.h ****         WAVE_RAMP,
  33:../../DaisySP//Source/Synthesis/oscillator.h ****         WAVE_SQUARE,
  34:../../DaisySP//Source/Synthesis/oscillator.h ****         WAVE_POLYBLEP_TRI,
  35:../../DaisySP//Source/Synthesis/oscillator.h ****         WAVE_POLYBLEP_SAW,
  36:../../DaisySP//Source/Synthesis/oscillator.h ****         WAVE_POLYBLEP_SQUARE,
  37:../../DaisySP//Source/Synthesis/oscillator.h ****         WAVE_LAST,
  38:../../DaisySP//Source/Synthesis/oscillator.h ****     };
  39:../../DaisySP//Source/Synthesis/oscillator.h **** 
  40:../../DaisySP//Source/Synthesis/oscillator.h **** 
  41:../../DaisySP//Source/Synthesis/oscillator.h ****     /** Initializes the Oscillator
  42:../../DaisySP//Source/Synthesis/oscillator.h **** 
  43:../../DaisySP//Source/Synthesis/oscillator.h ****         \param sample_rate - sample rate of the audio engine being run, and the frequency that the 
  44:../../DaisySP//Source/Synthesis/oscillator.h **** 
  45:../../DaisySP//Source/Synthesis/oscillator.h ****         Defaults:
  46:../../DaisySP//Source/Synthesis/oscillator.h ****         - freq_ = 100 Hz
  47:../../DaisySP//Source/Synthesis/oscillator.h ****         - amp_ = 0.5
  48:../../DaisySP//Source/Synthesis/oscillator.h ****         - waveform_ = sine wave.
  49:../../DaisySP//Source/Synthesis/oscillator.h ****     */
  50:../../DaisySP//Source/Synthesis/oscillator.h ****     void Init(float sample_rate)
  51:../../DaisySP//Source/Synthesis/oscillator.h ****     {
  52:../../DaisySP//Source/Synthesis/oscillator.h ****         sr_        = sample_rate;
 205              		.loc 6 52 20 view .LVU37
 206 0006 294D     		ldr	r5, .L20+4
 207              	.LBE95:
 208              	.LBE94:
  23:daisy_verb.cpp **** 	// initialising the hardware
 209              		.loc 7 23 1 view .LVU38
 210 0008 2DED028B 		vpush.64	{d8}
 211              		.cfi_def_cfa_offset 24
 212              		.cfi_offset 80, -24
 213              		.cfi_offset 81, -20
  25:daisy_verb.cpp **** 	hw.Init();
 214              		.loc 7 25 14 view .LVU39
 215 000c FFF7FEFF 		bl	_ZN5daisy9DaisySeed9ConfigureEv
 216              	.LVL9:
  26:daisy_verb.cpp **** 	// configuring DS for audio
 217              		.loc 7 26 2 is_stmt 1 view .LVU40
  26:daisy_verb.cpp **** 	// configuring DS for audio
 218              		.loc 7 26 9 is_stmt 0 view .LVU41
 219 0010 0021     		movs	r1, #0
 220 0012 2548     		ldr	r0, .L20
 221              	.LBB100:
ARM GAS  /var/folders/8v/j1fbl7tj7xz52nhkjtnwl_x40000gn/T//ccpdGzsI.s 			page 13


 222              	.LBB96:
  53:../../DaisySP//Source/Synthesis/oscillator.h ****         sr_recip_  = 1.0f / sample_rate;
 223              		.loc 6 53 27 view .LVU42
 224 0014 B7EE008A 		vmov.f32	s16, #1.0e+0
 225              	.LBE96:
 226              	.LBE100:
  26:daisy_verb.cpp **** 	// configuring DS for audio
 227              		.loc 7 26 9 view .LVU43
 228 0018 FFF7FEFF 		bl	_ZN5daisy9DaisySeed4InitEb
 229              	.LVL10:
  28:daisy_verb.cpp **** 	hw.SetAudioSampleRate(SaiHandle::Config::SampleRate::SAI_48KHZ);
 230              		.loc 7 28 2 is_stmt 1 view .LVU44
  28:daisy_verb.cpp **** 	hw.SetAudioSampleRate(SaiHandle::Config::SampleRate::SAI_48KHZ);
 231              		.loc 7 28 22 is_stmt 0 view .LVU45
 232 001c 0421     		movs	r1, #4
 233 001e 2248     		ldr	r0, .L20
 234 0020 FFF7FEFF 		bl	_ZN5daisy9DaisySeed17SetAudioBlockSizeEj
 235              	.LVL11:
  29:daisy_verb.cpp **** 	// oscillator config
 236              		.loc 7 29 2 is_stmt 1 view .LVU46
  29:daisy_verb.cpp **** 	// oscillator config
 237              		.loc 7 29 23 is_stmt 0 view .LVU47
 238 0024 0321     		movs	r1, #3
 239 0026 2048     		ldr	r0, .L20
 240 0028 FFF7FEFF 		bl	_ZN5daisy9DaisySeed18SetAudioSampleRateENS_9SaiHandle6Config10SampleRateE
 241              	.LVL12:
  31:daisy_verb.cpp **** 	osc.SetFreq(1000);
 242              		.loc 7 31 2 is_stmt 1 view .LVU48
  31:daisy_verb.cpp **** 	osc.SetFreq(1000);
 243              		.loc 7 31 10 is_stmt 0 view .LVU49
 244 002c 1E48     		ldr	r0, .L20
 245 002e FFF7FEFF 		bl	_ZN5daisy9DaisySeed15AudioSampleRateEv
 246              	.LVL13:
 247 0032 F0EE407A 		vmov.f32	s15, s0
 248              	.LVL14:
 249              	.LBB101:
 250              	.LBI94:
  50:../../DaisySP//Source/Synthesis/oscillator.h ****     {
 251              		.loc 6 50 10 is_stmt 1 view .LVU50
 252              	.LBB97:
  52:../../DaisySP//Source/Synthesis/oscillator.h ****         sr_recip_  = 1.0f / sample_rate;
 253              		.loc 6 52 9 view .LVU51
  54:../../DaisySP//Source/Synthesis/oscillator.h ****         freq_      = 100.0f;
 254              		.loc 6 54 20 is_stmt 0 view .LVU52
 255 0036 9FED1E7A 		vldr.32	s14, .L20+8
  55:../../DaisySP//Source/Synthesis/oscillator.h ****         amp_       = 0.5f;
 256              		.loc 6 55 20 view .LVU53
 257 003a 4FF07C53 		mov	r3, #1056964608
  56:../../DaisySP//Source/Synthesis/oscillator.h ****         pw_        = 0.5f;
  57:../../DaisySP//Source/Synthesis/oscillator.h ****         phase_     = 0.0f;
 258              		.loc 6 57 20 view .LVU54
 259 003e 0022     		movs	r2, #0
  58:../../DaisySP//Source/Synthesis/oscillator.h ****         phase_inc_ = CalcPhaseInc(freq_);
 260              		.loc 6 58 34 view .LVU55
 261 0040 2846     		mov	r0, r5
  53:../../DaisySP//Source/Synthesis/oscillator.h ****         freq_      = 100.0f;
 262              		.loc 6 53 27 view .LVU56
ARM GAS  /var/folders/8v/j1fbl7tj7xz52nhkjtnwl_x40000gn/T//ccpdGzsI.s 			page 14


 263 0042 C8EE276A 		vdiv.f32	s13, s16, s15
  52:../../DaisySP//Source/Synthesis/oscillator.h ****         sr_recip_  = 1.0f / sample_rate;
 264              		.loc 6 52 20 view .LVU57
 265 0046 C5ED047A 		vstr.32	s15, [r5, #16]
  53:../../DaisySP//Source/Synthesis/oscillator.h ****         freq_      = 100.0f;
 266              		.loc 6 53 9 is_stmt 1 view .LVU58
  54:../../DaisySP//Source/Synthesis/oscillator.h ****         amp_       = 0.5f;
 267              		.loc 6 54 20 is_stmt 0 view .LVU59
 268 004a 85ED027A 		vstr.32	s14, [r5, #8]
  55:../../DaisySP//Source/Synthesis/oscillator.h ****         pw_        = 0.5f;
 269              		.loc 6 55 20 view .LVU60
 270 004e 6B60     		str	r3, [r5, #4]	@ float
  56:../../DaisySP//Source/Synthesis/oscillator.h ****         phase_     = 0.0f;
 271              		.loc 6 56 20 view .LVU61
 272 0050 EB60     		str	r3, [r5, #12]	@ float
  57:../../DaisySP//Source/Synthesis/oscillator.h ****         phase_inc_ = CalcPhaseInc(freq_);
 273              		.loc 6 57 20 view .LVU62
 274 0052 AA61     		str	r2, [r5, #24]	@ float
 275              		.loc 6 58 34 view .LVU63
 276 0054 B0EE470A 		vmov.f32	s0, s14
 277              	.LVL15:
  53:../../DaisySP//Source/Synthesis/oscillator.h ****         freq_      = 100.0f;
 278              		.loc 6 53 20 view .LVU64
 279 0058 C5ED056A 		vstr.32	s13, [r5, #20]
  54:../../DaisySP//Source/Synthesis/oscillator.h ****         amp_       = 0.5f;
 280              		.loc 6 54 9 is_stmt 1 view .LVU65
  55:../../DaisySP//Source/Synthesis/oscillator.h ****         pw_        = 0.5f;
 281              		.loc 6 55 9 view .LVU66
  56:../../DaisySP//Source/Synthesis/oscillator.h ****         phase_     = 0.0f;
 282              		.loc 6 56 9 view .LVU67
  57:../../DaisySP//Source/Synthesis/oscillator.h ****         phase_inc_ = CalcPhaseInc(freq_);
 283              		.loc 6 57 9 view .LVU68
 284              		.loc 6 58 9 view .LVU69
 285              		.loc 6 58 34 is_stmt 0 view .LVU70
 286 005c FFF7FEFF 		bl	_ZN7daisysp10Oscillator12CalcPhaseIncEf
 287              	.LVL16:
 288              		.loc 6 58 34 view .LVU71
 289 0060 F0EE407A 		vmov.f32	s15, s0
  59:../../DaisySP//Source/Synthesis/oscillator.h ****         waveform_  = WAVE_SIN;
 290              		.loc 6 59 20 view .LVU72
 291 0064 0022     		movs	r2, #0
 292              	.LBE97:
 293              	.LBE101:
 294              	.LBB102:
 295              	.LBB103:
  60:../../DaisySP//Source/Synthesis/oscillator.h ****         eoc_       = true;
  61:../../DaisySP//Source/Synthesis/oscillator.h ****         eor_       = true;
  62:../../DaisySP//Source/Synthesis/oscillator.h ****     }
  63:../../DaisySP//Source/Synthesis/oscillator.h **** 
  64:../../DaisySP//Source/Synthesis/oscillator.h **** 
  65:../../DaisySP//Source/Synthesis/oscillator.h ****     /** Changes the frequency of the Oscillator, and recalculates phase increment.
  66:../../DaisySP//Source/Synthesis/oscillator.h ****     */
  67:../../DaisySP//Source/Synthesis/oscillator.h ****     inline void SetFreq(const float f)
  68:../../DaisySP//Source/Synthesis/oscillator.h ****     {
  69:../../DaisySP//Source/Synthesis/oscillator.h ****         freq_      = f;
 296              		.loc 6 69 20 view .LVU73
 297 0066 9FED130A 		vldr.32	s0, .L20+12
ARM GAS  /var/folders/8v/j1fbl7tj7xz52nhkjtnwl_x40000gn/T//ccpdGzsI.s 			page 15


 298              	.LBE103:
 299              	.LBE102:
 300              	.LBB107:
 301              	.LBB98:
  61:../../DaisySP//Source/Synthesis/oscillator.h ****     }
 302              		.loc 6 61 20 view .LVU74
 303 006a 40F20113 		movw	r3, #257
 304              	.LBE98:
 305              	.LBE107:
 306              	.LBB108:
 307              	.LBB104:
  70:../../DaisySP//Source/Synthesis/oscillator.h ****         phase_inc_ = CalcPhaseInc(f);
 308              		.loc 6 70 34 view .LVU75
 309 006e 2846     		mov	r0, r5
 310              	.LBE104:
 311              	.LBE108:
 312              	.LBB109:
 313              	.LBB99:
  59:../../DaisySP//Source/Synthesis/oscillator.h ****         eoc_       = true;
 314              		.loc 6 59 20 view .LVU76
 315 0070 2A70     		strb	r2, [r5]
  58:../../DaisySP//Source/Synthesis/oscillator.h ****         waveform_  = WAVE_SIN;
 316              		.loc 6 58 20 view .LVU77
 317 0072 C5ED077A 		vstr.32	s15, [r5, #28]
  59:../../DaisySP//Source/Synthesis/oscillator.h ****         eoc_       = true;
 318              		.loc 6 59 9 is_stmt 1 view .LVU78
  60:../../DaisySP//Source/Synthesis/oscillator.h ****         eor_       = true;
 319              		.loc 6 60 9 view .LVU79
  61:../../DaisySP//Source/Synthesis/oscillator.h ****     }
 320              		.loc 6 61 9 view .LVU80
  61:../../DaisySP//Source/Synthesis/oscillator.h ****     }
 321              		.loc 6 61 20 is_stmt 0 view .LVU81
 322 0076 2B85     		strh	r3, [r5, #40]	@ movhi
 323              	.LVL17:
  61:../../DaisySP//Source/Synthesis/oscillator.h ****     }
 324              		.loc 6 61 20 view .LVU82
 325              	.LBE99:
 326              	.LBE109:
  32:daisy_verb.cpp **** 	osc.SetAmp(1);
 327              		.loc 7 32 2 is_stmt 1 view .LVU83
 328              	.LBB110:
 329              	.LBI102:
  67:../../DaisySP//Source/Synthesis/oscillator.h ****     {
 330              		.loc 6 67 17 view .LVU84
 331              	.LBB105:
  69:../../DaisySP//Source/Synthesis/oscillator.h ****         phase_inc_ = CalcPhaseInc(f);
 332              		.loc 6 69 9 view .LVU85
  69:../../DaisySP//Source/Synthesis/oscillator.h ****         phase_inc_ = CalcPhaseInc(f);
 333              		.loc 6 69 20 is_stmt 0 view .LVU86
 334 0078 85ED020A 		vstr.32	s0, [r5, #8]
 335              		.loc 6 70 9 is_stmt 1 view .LVU87
 336              		.loc 6 70 34 is_stmt 0 view .LVU88
 337 007c FFF7FEFF 		bl	_ZN7daisysp10Oscillator12CalcPhaseIncEf
 338              	.LVL18:
 339              	.LBE105:
 340              	.LBE110:
  35:daisy_verb.cpp **** 	// getting the bastard LED blinking
ARM GAS  /var/folders/8v/j1fbl7tj7xz52nhkjtnwl_x40000gn/T//ccpdGzsI.s 			page 16


 341              		.loc 7 35 15 view .LVU89
 342 0080 0D49     		ldr	r1, .L20+16
 343 0082 0948     		ldr	r0, .L20
 344              	.LBB111:
 345              	.LBB106:
 346              		.loc 6 70 20 view .LVU90
 347 0084 85ED070A 		vstr.32	s0, [r5, #28]
 348              	.LVL19:
 349              		.loc 6 70 20 view .LVU91
 350              	.LBE106:
 351              	.LBE111:
  33:daisy_verb.cpp **** 	// start audio callback
 352              		.loc 7 33 2 is_stmt 1 view .LVU92
 353              	.LBB112:
 354              	.LBI112:
  71:../../DaisySP//Source/Synthesis/oscillator.h ****     }
  72:../../DaisySP//Source/Synthesis/oscillator.h **** 
  73:../../DaisySP//Source/Synthesis/oscillator.h **** 
  74:../../DaisySP//Source/Synthesis/oscillator.h ****     /** Sets the amplitude of the waveform.
  75:../../DaisySP//Source/Synthesis/oscillator.h ****     */
  76:../../DaisySP//Source/Synthesis/oscillator.h ****     inline void SetAmp(const float a) { amp_ = a; }
 355              		.loc 6 76 17 view .LVU93
 356              	.LBB113:
 357              		.loc 6 76 41 view .LVU94
 358              		.loc 6 76 46 is_stmt 0 view .LVU95
 359 0088 85ED018A 		vstr.32	s16, [r5, #4]
 360              	.LVL20:
 361              		.loc 6 76 46 view .LVU96
 362              	.LBE113:
 363              	.LBE112:
  35:daisy_verb.cpp **** 	// getting the bastard LED blinking
 364              		.loc 7 35 2 is_stmt 1 view .LVU97
  35:daisy_verb.cpp **** 	// getting the bastard LED blinking
 365              		.loc 7 35 15 is_stmt 0 view .LVU98
 366 008c FFF7FEFF 		bl	_ZN5daisy9DaisySeed10StartAudioEPFvPKPKfPPfjE
 367              	.LVL21:
  37:daisy_verb.cpp **** 	led_state = true;
 368              		.loc 7 37 2 is_stmt 1 view .LVU99
 369              		.loc 7 38 2 view .LVU100
 370              	.L18:
  39:daisy_verb.cpp **** 	for(;;)
 371              		.loc 7 39 2 discriminator 1 view .LVU101
  40:daisy_verb.cpp **** 	{
  41:daisy_verb.cpp **** 		hw.SetLed(led_state);
 372              		.loc 7 41 3 discriminator 1 view .LVU102
 373              		.loc 7 41 12 is_stmt 0 discriminator 1 view .LVU103
 374 0090 2146     		mov	r1, r4
 375 0092 0548     		ldr	r0, .L20
 376 0094 FFF7FEFF 		bl	_ZN5daisy9DaisySeed6SetLedEb
 377              	.LVL22:
  42:daisy_verb.cpp **** 		led_state = !led_state;
 378              		.loc 7 42 3 is_stmt 1 discriminator 1 view .LVU104
  43:daisy_verb.cpp **** 		System::Delay(500);
 379              		.loc 7 43 16 is_stmt 0 discriminator 1 view .LVU105
 380 0098 4FF4FA70 		mov	r0, #500
  42:daisy_verb.cpp **** 		led_state = !led_state;
 381              		.loc 7 42 13 discriminator 1 view .LVU106
ARM GAS  /var/folders/8v/j1fbl7tj7xz52nhkjtnwl_x40000gn/T//ccpdGzsI.s 			page 17


 382 009c 84F00104 		eor	r4, r4, #1
 383              	.LVL23:
 384              		.loc 7 43 3 is_stmt 1 discriminator 1 view .LVU107
 385              		.loc 7 43 16 is_stmt 0 discriminator 1 view .LVU108
 386 00a0 FFF7FEFF 		bl	_ZN5daisy6System5DelayEm
 387              	.LVL24:
  39:daisy_verb.cpp **** 	{
 388              		.loc 7 39 2 is_stmt 1 discriminator 1 view .LVU109
 389 00a4 F4E7     		b	.L18
 390              	.L21:
 391 00a6 00BF     		.align	2
 392              	.L20:
 393 00a8 00000000 		.word	.LANCHOR1
 394 00ac 00000000 		.word	.LANCHOR0
 395 00b0 0000C842 		.word	1120403456
 396 00b4 00007A44 		.word	1148846080
 397 00b8 00000000 		.word	_Z13AudioCallbackPKPKfPPfj
 398              		.cfi_endproc
 399              	.LFE4683:
 401              		.section	.text.startup._GLOBAL__sub_I_hw,"ax",%progbits
 402              		.align	1
 403              		.p2align 2,,3
 404              		.syntax unified
 405              		.thumb
 406              		.thumb_func
 408              	_GLOBAL__sub_I_hw:
 409              	.LFB5246:
  44:daisy_verb.cpp **** 	}
  45:daisy_verb.cpp **** 	while(1){}
  46:daisy_verb.cpp **** }
 410              		.loc 7 46 1 view -0
 411              		.cfi_startproc
 412              		@ args = 0, pretend = 0, frame = 0
 413              		@ frame_needed = 0, uses_anonymous_args = 0
 414              	.LBB137:
 415              	.LBI137:
 416              		.loc 7 46 1 view .LVU111
 417              	.LVL25:
 418              	.LBB138:
 419              	.LBB139:
 420              	.LBI139:
  21:../../libDaisy//src/daisy_seed.h ****     ~DaisySeed() {}
 421              		.loc 1 21 5 view .LVU112
 422              	.LBB140:
 423              	.LBB141:
 424              	.LBI141:
 425              		.file 8 "../../libDaisy//src/per/qspi.h"
   1:../../libDaisy//src/per/qspi.h **** #ifndef DSY_QSPI
   2:../../libDaisy//src/per/qspi.h **** #define DSY_QSPI /**< Macro */
   3:../../libDaisy//src/per/qspi.h **** 
   4:../../libDaisy//src/per/qspi.h **** #ifndef UNIT_TEST // for unit tests, a dummy implementation
   5:../../libDaisy//src/per/qspi.h **** 
   6:../../libDaisy//src/per/qspi.h **** #include <cstdint>
   7:../../libDaisy//src/per/qspi.h **** #include "daisy_core.h" // Added for dsy_gpio_pin typedef
   8:../../libDaisy//src/per/qspi.h **** 
   9:../../libDaisy//src/per/qspi.h **** #define DSY_QSPI_TEXT       \
  10:../../libDaisy//src/per/qspi.h ****     __attribute__((section( \
ARM GAS  /var/folders/8v/j1fbl7tj7xz52nhkjtnwl_x40000gn/T//ccpdGzsI.s 			page 18


  11:../../libDaisy//src/per/qspi.h ****         ".qspiflash_text"))) /**< used for reading memory in memory_mapped mode. */
  12:../../libDaisy//src/per/qspi.h **** #define DSY_QSPI_DATA       \
  13:../../libDaisy//src/per/qspi.h ****     __attribute__((section( \
  14:../../libDaisy//src/per/qspi.h ****         ".qspiflash_data"))) /**< used for reading memory in memory_mapped mode. */
  15:../../libDaisy//src/per/qspi.h **** #define DSY_QSPI_BSS        \
  16:../../libDaisy//src/per/qspi.h ****     __attribute__((section( \
  17:../../libDaisy//src/per/qspi.h ****         ".qspiflash_bss"))) /**< used for reading memory in memory_mapped mode. */
  18:../../libDaisy//src/per/qspi.h **** 
  19:../../libDaisy//src/per/qspi.h **** namespace daisy
  20:../../libDaisy//src/per/qspi.h **** {
  21:../../libDaisy//src/per/qspi.h **** /** @addtogroup serial
  22:../../libDaisy//src/per/qspi.h **** @{
  23:../../libDaisy//src/per/qspi.h **** */
  24:../../libDaisy//src/per/qspi.h **** 
  25:../../libDaisy//src/per/qspi.h **** /** 
  26:../../libDaisy//src/per/qspi.h ****  Driver for QSPI peripheral to interface with external flash memory. \n 
  27:../../libDaisy//src/per/qspi.h ****     Currently supported QSPI Devices: \n 
  28:../../libDaisy//src/per/qspi.h ****     * IS25LP080D
  29:../../libDaisy//src/per/qspi.h **** */
  30:../../libDaisy//src/per/qspi.h **** class QSPIHandle
  31:../../libDaisy//src/per/qspi.h **** {
  32:../../libDaisy//src/per/qspi.h ****   public:
  33:../../libDaisy//src/per/qspi.h ****     enum Result
  34:../../libDaisy//src/per/qspi.h ****     {
  35:../../libDaisy//src/per/qspi.h ****         OK = 0,
  36:../../libDaisy//src/per/qspi.h ****         ERR
  37:../../libDaisy//src/per/qspi.h ****     };
  38:../../libDaisy//src/per/qspi.h **** 
  39:../../libDaisy//src/per/qspi.h ****     /** Indicates the current status of the module. 
  40:../../libDaisy//src/per/qspi.h ****          *  Warnings are indicated by a leading W.
  41:../../libDaisy//src/per/qspi.h ****          *  Errors are indicated by a leading E and cause an immediate exit.
  42:../../libDaisy//src/per/qspi.h ****          * 
  43:../../libDaisy//src/per/qspi.h ****          *  \param GOOD - No errors have been reported.
  44:../../libDaisy//src/per/qspi.h ****          *  \param E_HAL_ERROR - HAL code did not return HAL_OK.
  45:../../libDaisy//src/per/qspi.h ****          *  \param E_SWITCHING_MODES - An error was encountered while switching QSPI peripheral mod
  46:../../libDaisy//src/per/qspi.h ****          *  \param E_INVALID_MODE - QSPI should not be written to while the program is executing fr
  47:../../libDaisy//src/per/qspi.h ****          */
  48:../../libDaisy//src/per/qspi.h ****     enum Status
  49:../../libDaisy//src/per/qspi.h ****     {
  50:../../libDaisy//src/per/qspi.h ****         GOOD = 0,
  51:../../libDaisy//src/per/qspi.h ****         E_HAL_ERROR,
  52:../../libDaisy//src/per/qspi.h ****         E_SWITCHING_MODES,
  53:../../libDaisy//src/per/qspi.h ****         E_INVALID_MODE,
  54:../../libDaisy//src/per/qspi.h ****     };
  55:../../libDaisy//src/per/qspi.h **** 
  56:../../libDaisy//src/per/qspi.h ****     /** Configuration structure for interfacing with QSPI Driver */
  57:../../libDaisy//src/per/qspi.h ****     struct Config
  58:../../libDaisy//src/per/qspi.h ****     {
  59:../../libDaisy//src/per/qspi.h ****         /** Flash Devices supported. (Both of these are more-or-less the same, just different sizes
  60:../../libDaisy//src/per/qspi.h ****         enum Device
  61:../../libDaisy//src/per/qspi.h ****         {
  62:../../libDaisy//src/per/qspi.h ****             IS25LP080D,  /**< & */
  63:../../libDaisy//src/per/qspi.h ****             IS25LP064A,  /**< & */
  64:../../libDaisy//src/per/qspi.h ****             DEVICE_LAST, /**< & */
  65:../../libDaisy//src/per/qspi.h ****         };
  66:../../libDaisy//src/per/qspi.h **** 
  67:../../libDaisy//src/per/qspi.h ****         /** 
ARM GAS  /var/folders/8v/j1fbl7tj7xz52nhkjtnwl_x40000gn/T//ccpdGzsI.s 			page 19


  68:../../libDaisy//src/per/qspi.h ****         Modes of operation.
  69:../../libDaisy//src/per/qspi.h ****         Memory Mapped mode: QSPI configured so that the QSPI can be
  70:../../libDaisy//src/per/qspi.h ****         read from starting address 0x90000000. Writing is not
  71:../../libDaisy//src/per/qspi.h ****         possible in this mode. \n 
  72:../../libDaisy//src/per/qspi.h ****         Indirect Polling mode: Device driver enabled. 
  73:../../libDaisy//src/per/qspi.h ****         */
  74:../../libDaisy//src/per/qspi.h ****         enum Mode
  75:../../libDaisy//src/per/qspi.h ****         {
  76:../../libDaisy//src/per/qspi.h ****             MEMORY_MAPPED,    /**< & */
  77:../../libDaisy//src/per/qspi.h ****             INDIRECT_POLLING, /**< & */
  78:../../libDaisy//src/per/qspi.h ****             MODE_LAST,
  79:../../libDaisy//src/per/qspi.h ****         };
  80:../../libDaisy//src/per/qspi.h **** 
  81:../../libDaisy//src/per/qspi.h ****         //SCK,  CE# (active low)
  82:../../libDaisy//src/per/qspi.h ****         struct
  83:../../libDaisy//src/per/qspi.h ****         {
  84:../../libDaisy//src/per/qspi.h ****             dsy_gpio_pin io0; /**< & */
  85:../../libDaisy//src/per/qspi.h ****             dsy_gpio_pin io1; /**< & */
  86:../../libDaisy//src/per/qspi.h ****             dsy_gpio_pin io2; /**< & */
  87:../../libDaisy//src/per/qspi.h ****             dsy_gpio_pin io3; /**< & */
  88:../../libDaisy//src/per/qspi.h ****             dsy_gpio_pin clk; /**< & */
  89:../../libDaisy//src/per/qspi.h ****             dsy_gpio_pin ncs; /**< & */
  90:../../libDaisy//src/per/qspi.h ****         } pin_config;
  91:../../libDaisy//src/per/qspi.h **** 
  92:../../libDaisy//src/per/qspi.h ****         Device device;
  93:../../libDaisy//src/per/qspi.h ****         Mode   mode;
  94:../../libDaisy//src/per/qspi.h ****     };
  95:../../libDaisy//src/per/qspi.h **** 
  96:../../libDaisy//src/per/qspi.h ****     /** 
  97:../../libDaisy//src/per/qspi.h ****         Initializes QSPI peripheral, and Resets, and prepares memory for access.
  98:../../libDaisy//src/per/qspi.h ****         \param config should be populated with the mode, device and pin_config before calling this 
  99:../../libDaisy//src/per/qspi.h ****         \return Result::OK or Result::ERR
 100:../../libDaisy//src/per/qspi.h ****         */
 101:../../libDaisy//src/per/qspi.h ****     Result Init(const Config& config);
 102:../../libDaisy//src/per/qspi.h **** 
 103:../../libDaisy//src/per/qspi.h ****     /** Returns the current config. */
 104:../../libDaisy//src/per/qspi.h ****     const Config& GetConfig() const;
 105:../../libDaisy//src/per/qspi.h **** 
 106:../../libDaisy//src/per/qspi.h ****     // Couldn't this just be called before anything else in init? That
 107:../../libDaisy//src/per/qspi.h ****     // would make manually calling it unnecessary.
 108:../../libDaisy//src/per/qspi.h ****     /** 
 109:../../libDaisy//src/per/qspi.h ****         Deinitializes the peripheral
 110:../../libDaisy//src/per/qspi.h ****         This should be called before reinitializing QSPI in a different mode.
 111:../../libDaisy//src/per/qspi.h ****         \return Result::OK or Result::ERR
 112:../../libDaisy//src/per/qspi.h ****         */
 113:../../libDaisy//src/per/qspi.h ****     Result DeInit();
 114:../../libDaisy//src/per/qspi.h **** 
 115:../../libDaisy//src/per/qspi.h ****     /** 
 116:../../libDaisy//src/per/qspi.h ****         Writes a single page to to the specified address on the QSPI chip.
 117:../../libDaisy//src/per/qspi.h ****         For IS25LP*, page size is 256 bytes.
 118:../../libDaisy//src/per/qspi.h ****         \param address Address to write to
 119:../../libDaisy//src/per/qspi.h ****         \param size Buffer size
 120:../../libDaisy//src/per/qspi.h ****         \param buffer Buffer to write
 121:../../libDaisy//src/per/qspi.h ****         \return Result::OK or Result::ERR
 122:../../libDaisy//src/per/qspi.h ****         */
 123:../../libDaisy//src/per/qspi.h ****     Result WritePage(uint32_t address, uint32_t size, uint8_t* buffer);
 124:../../libDaisy//src/per/qspi.h **** 
ARM GAS  /var/folders/8v/j1fbl7tj7xz52nhkjtnwl_x40000gn/T//ccpdGzsI.s 			page 20


 125:../../libDaisy//src/per/qspi.h ****     /** 
 126:../../libDaisy//src/per/qspi.h ****         Writes data in buffer to to the QSPI. Starting at address to address+size 
 127:../../libDaisy//src/per/qspi.h ****         \param address Address to write to
 128:../../libDaisy//src/per/qspi.h ****         \param size Buffer size
 129:../../libDaisy//src/per/qspi.h ****         \param buffer Buffer to write
 130:../../libDaisy//src/per/qspi.h ****         \return Result::OK or Result::ERR
 131:../../libDaisy//src/per/qspi.h ****         */
 132:../../libDaisy//src/per/qspi.h ****     Result Write(uint32_t address, uint32_t size, uint8_t* buffer);
 133:../../libDaisy//src/per/qspi.h **** 
 134:../../libDaisy//src/per/qspi.h ****     /** 
 135:../../libDaisy//src/per/qspi.h ****         Erases the area specified on the chip.
 136:../../libDaisy//src/per/qspi.h ****         Erasures will happen by 4K, 32K or 64K increments.
 137:../../libDaisy//src/per/qspi.h ****         Smallest erase possible is 4kB at a time. (on IS25LP*)
 138:../../libDaisy//src/per/qspi.h ****         \param start_addr Address to begin erasing from
 139:../../libDaisy//src/per/qspi.h ****         \param end_addr  Address to stop erasing at
 140:../../libDaisy//src/per/qspi.h ****         \return Result::OK or Result::ERR
 141:../../libDaisy//src/per/qspi.h ****         */
 142:../../libDaisy//src/per/qspi.h ****     Result Erase(uint32_t start_addr, uint32_t end_addr);
 143:../../libDaisy//src/per/qspi.h **** 
 144:../../libDaisy//src/per/qspi.h ****     /**  
 145:../../libDaisy//src/per/qspi.h ****          Erases a single sector of the chip.  
 146:../../libDaisy//src/per/qspi.h ****         TODO: Document the size of this function. 
 147:../../libDaisy//src/per/qspi.h ****         \param address Address of sector to erase
 148:../../libDaisy//src/per/qspi.h ****         \return Result::OK or Result::ERR
 149:../../libDaisy//src/per/qspi.h ****         */
 150:../../libDaisy//src/per/qspi.h ****     Result EraseSector(uint32_t address);
 151:../../libDaisy//src/per/qspi.h **** 
 152:../../libDaisy//src/per/qspi.h ****     /** Returns the current class status. Useful for debugging.
 153:../../libDaisy//src/per/qspi.h ****      *  \returns Status
 154:../../libDaisy//src/per/qspi.h ****      */
 155:../../libDaisy//src/per/qspi.h ****     Status GetStatus();
 156:../../libDaisy//src/per/qspi.h **** 
 157:../../libDaisy//src/per/qspi.h ****     /** Returns a pointer to the actual memory used 
 158:../../libDaisy//src/per/qspi.h ****      *  The memory at this address is read-only
 159:../../libDaisy//src/per/qspi.h ****      *  to write to it use the Write function.
 160:../../libDaisy//src/per/qspi.h ****      * 
 161:../../libDaisy//src/per/qspi.h ****      *  \param offset returns the pointer starting this 
 162:../../libDaisy//src/per/qspi.h ****      *                many bytes into the memory
 163:../../libDaisy//src/per/qspi.h ****     */
 164:../../libDaisy//src/per/qspi.h ****     void* GetData(uint32_t offset = 0);
 165:../../libDaisy//src/per/qspi.h **** 
 166:../../libDaisy//src/per/qspi.h ****     QSPIHandle() : pimpl_(nullptr) {}
 426              		.loc 8 166 5 view .LVU113
 427              	.LBE141:
 428              	.LBE140:
 429              	.LBE139:
 430              	.LBE138:
 431              	.LBE137:
 432              		.loc 7 46 1 is_stmt 0 view .LVU114
 433 0000 08B5     		push	{r3, lr}
 434              		.cfi_def_cfa_offset 8
 435              		.cfi_offset 3, -8
 436              		.cfi_offset 14, -4
 437              	.LBB167:
 438              	.LBB165:
 439              	.LBB162:
 440              	.LBB160:
ARM GAS  /var/folders/8v/j1fbl7tj7xz52nhkjtnwl_x40000gn/T//ccpdGzsI.s 			page 21


 441              	.LBB146:
 442              	.LBB142:
 443              	.LBB143:
 444              		.loc 8 166 34 view .LVU115
 445 0002 0848     		ldr	r0, .L24
 446 0004 0023     		movs	r3, #0
 447              	.LBE143:
 448              	.LBE142:
 449              	.LBE146:
 450              	.LBE160:
 451              	.LBE162:
   7:daisy_verb.cpp **** daisysp::Oscillator osc;
 452              		.loc 7 7 11 view .LVU116
 453 0006 084A     		ldr	r2, .L24+4
 454 0008 0849     		ldr	r1, .L24+8
 455              	.LBB163:
 456              	.LBB161:
 457              	.LBB147:
 458              	.LBB145:
 459              	.LBB144:
 460              		.loc 8 166 34 view .LVU117
 461 000a 0360     		str	r3, [r0]
 462              	.LVL26:
 463              		.loc 8 166 34 view .LVU118
 464              	.LBE144:
 465              	.LBE145:
 466              	.LBE147:
 467              	.LBB148:
 468              	.LBI148:
  95:../../libDaisy//src/hid/audio.h ****     ~AudioHandle() {}
 469              		.loc 5 95 5 is_stmt 1 view .LVU119
 470              	.LBB149:
 471              	.LBB150:
  95:../../libDaisy//src/hid/audio.h ****     ~AudioHandle() {}
 472              		.loc 5 95 35 is_stmt 0 view .LVU120
 473 000c 4361     		str	r3, [r0, #20]
 474              	.LVL27:
  95:../../libDaisy//src/hid/audio.h ****     ~AudioHandle() {}
 475              		.loc 5 95 35 view .LVU121
 476              	.LBE150:
 477              	.LBE149:
 478              	.LBE148:
 479              	.LBB151:
 480              	.LBI151:
 109:../../libDaisy//src/per/adc.h ****     ~AdcHandle() {}
 481              		.loc 4 109 5 is_stmt 1 view .LVU122
 109:../../libDaisy//src/per/adc.h ****     ~AdcHandle() {}
 482              		.loc 4 109 5 is_stmt 0 view .LVU123
 483              	.LBE151:
 484              	.LBB152:
 485              	.LBI152:
 486              		.file 9 "../../libDaisy//src/per/dac.h"
   1:../../libDaisy//src/per/dac.h **** #pragma once
   2:../../libDaisy//src/per/dac.h **** #ifndef DSY_DAC_H
   3:../../libDaisy//src/per/dac.h **** #define DSY_DAC_H
   4:../../libDaisy//src/per/dac.h **** 
   5:../../libDaisy//src/per/dac.h **** #include "daisy_core.h"
ARM GAS  /var/folders/8v/j1fbl7tj7xz52nhkjtnwl_x40000gn/T//ccpdGzsI.s 			page 22


   6:../../libDaisy//src/per/dac.h **** 
   7:../../libDaisy//src/per/dac.h **** namespace daisy
   8:../../libDaisy//src/per/dac.h **** {
   9:../../libDaisy//src/per/dac.h **** /** @brief DAC handle for Built-in DAC Peripheral 
  10:../../libDaisy//src/per/dac.h ****  *  @ingroup per_analog
  11:../../libDaisy//src/per/dac.h ****  ** 
  12:../../libDaisy//src/per/dac.h ****  ** For now only Normal Mode is supported,
  13:../../libDaisy//src/per/dac.h ****  ** Sample and hold mode provides reduced power consumption, but requires a bit more setup.
  14:../../libDaisy//src/per/dac.h ****  **
  15:../../libDaisy//src/per/dac.h ****  ** For now connecting the DAC through other internal peripherals is also not supported.
  16:../../libDaisy//src/per/dac.h ****  **
  17:../../libDaisy//src/per/dac.h ****  ** Since the DAC channels have dedicated pins we don't need to pass in a pin config like with
  18:../../libDaisy//src/per/dac.h ****  ** other modules. However, it is still important to not try to use the DAC pins for anything else.
  19:../../libDaisy//src/per/dac.h ****  ** DAC Channel 1 is on PA4, and DAC Channel 2 is on PA5
  20:../../libDaisy//src/per/dac.h ****  ***/
  21:../../libDaisy//src/per/dac.h **** class DacHandle
  22:../../libDaisy//src/per/dac.h **** {
  23:../../libDaisy//src/per/dac.h ****   public:
  24:../../libDaisy//src/per/dac.h ****     /** Return Values for the DacHandle class */
  25:../../libDaisy//src/per/dac.h ****     enum class Result
  26:../../libDaisy//src/per/dac.h ****     {
  27:../../libDaisy//src/per/dac.h ****         OK,
  28:../../libDaisy//src/per/dac.h ****         ERR,
  29:../../libDaisy//src/per/dac.h ****     };
  30:../../libDaisy//src/per/dac.h **** 
  31:../../libDaisy//src/per/dac.h ****     /** Selects which channel(s) will be configured for use. */
  32:../../libDaisy//src/per/dac.h ****     enum class Channel
  33:../../libDaisy//src/per/dac.h ****     {
  34:../../libDaisy//src/per/dac.h ****         ONE,
  35:../../libDaisy//src/per/dac.h ****         TWO,
  36:../../libDaisy//src/per/dac.h ****         BOTH,
  37:../../libDaisy//src/per/dac.h ****     };
  38:../../libDaisy//src/per/dac.h **** 
  39:../../libDaisy//src/per/dac.h ****     /** Sets the Mode for the DAC channels.
  40:../../libDaisy//src/per/dac.h ****      **
  41:../../libDaisy//src/per/dac.h ****      ** Polling mode uses the blocking mode to transmit a single value at a time.
  42:../../libDaisy//src/per/dac.h ****      **
  43:../../libDaisy//src/per/dac.h ****      ** DMA mode uses a buffer, and periodically transmits it triggering a 
  44:../../libDaisy//src/per/dac.h ****      ** callback to fill the buffer when it is ready for more samples.
  45:../../libDaisy//src/per/dac.h ****      ***/
  46:../../libDaisy//src/per/dac.h ****     enum class Mode
  47:../../libDaisy//src/per/dac.h ****     {
  48:../../libDaisy//src/per/dac.h ****         POLLING,
  49:../../libDaisy//src/per/dac.h ****         DMA,
  50:../../libDaisy//src/per/dac.h ****     };
  51:../../libDaisy//src/per/dac.h **** 
  52:../../libDaisy//src/per/dac.h ****     /** Sets the number of bits per sample transmitted out of the DAC.
  53:../../libDaisy//src/per/dac.h ****      ** The output range will be: 0V - VDDA
  54:../../libDaisy//src/per/dac.h ****      ** The resolution will be roughly: bitdepth / (VDDA - 0V) 
  55:../../libDaisy//src/per/dac.h ****      ***/
  56:../../libDaisy//src/per/dac.h ****     enum class BitDepth
  57:../../libDaisy//src/per/dac.h ****     {
  58:../../libDaisy//src/per/dac.h ****         BITS_8,
  59:../../libDaisy//src/per/dac.h ****         BITS_12
  60:../../libDaisy//src/per/dac.h ****     };
  61:../../libDaisy//src/per/dac.h **** 
  62:../../libDaisy//src/per/dac.h ****     /** Sets whether the DAC output is buffered for higher drive ability. */
ARM GAS  /var/folders/8v/j1fbl7tj7xz52nhkjtnwl_x40000gn/T//ccpdGzsI.s 			page 23


  63:../../libDaisy//src/per/dac.h ****     enum class BufferState
  64:../../libDaisy//src/per/dac.h ****     {
  65:../../libDaisy//src/per/dac.h ****         ENABLED,
  66:../../libDaisy//src/per/dac.h ****         DISABLED,
  67:../../libDaisy//src/per/dac.h ****     };
  68:../../libDaisy//src/per/dac.h **** 
  69:../../libDaisy//src/per/dac.h ****     /** Configuration structure for initializing the DAC structure. */
  70:../../libDaisy//src/per/dac.h ****     struct Config
  71:../../libDaisy//src/per/dac.h ****     {
  72:../../libDaisy//src/per/dac.h ****         /** Target Samplerate in Hz used to configure the internal 
  73:../../libDaisy//src/per/dac.h ****          ** timebase for DMA mode. Does nothing in POLLING mode.
  74:../../libDaisy//src/per/dac.h ****          ** If the value is 0 at Init time this will default to 48000Hz 
  75:../../libDaisy//src/per/dac.h ****          ** otherwise the driver will attempt meet the target.*/
  76:../../libDaisy//src/per/dac.h ****         uint32_t target_samplerate;
  77:../../libDaisy//src/per/dac.h **** 
  78:../../libDaisy//src/per/dac.h ****         Channel     chn;
  79:../../libDaisy//src/per/dac.h ****         Mode        mode;
  80:../../libDaisy//src/per/dac.h ****         BitDepth    bitdepth;
  81:../../libDaisy//src/per/dac.h ****         BufferState buff_state;
  82:../../libDaisy//src/per/dac.h ****     };
  83:../../libDaisy//src/per/dac.h **** 
  84:../../libDaisy//src/per/dac.h ****     DacHandle() : pimpl_(nullptr) {}
 487              		.loc 9 84 5 is_stmt 1 view .LVU124
 488              	.LBB153:
 489              	.LBB154:
 490              		.loc 9 84 33 is_stmt 0 view .LVU125
 491 000e 0362     		str	r3, [r0, #32]
 492              	.LVL28:
 493              		.loc 9 84 33 view .LVU126
 494              	.LBE154:
 495              	.LBE153:
 496              	.LBE152:
 497              	.LBB155:
 498              	.LBI155:
  40:../../libDaisy//src/hid/usb.h **** 
 499              		.loc 3 40 5 is_stmt 1 view .LVU127
  40:../../libDaisy//src/hid/usb.h **** 
 500              		.loc 3 40 5 is_stmt 0 view .LVU128
 501              	.LBE155:
 502              	.LBB156:
 503              	.LBI156:
  96:../../libDaisy//src/sys/system.h ****     ~System() {}
 504              		.loc 2 96 5 is_stmt 1 view .LVU129
  96:../../libDaisy//src/sys/system.h ****     ~System() {}
 505              		.loc 2 96 5 is_stmt 0 view .LVU130
 506              	.LBE156:
 507              	.LBB157:
 508              	.LBI157:
 509              		.file 10 "../../libDaisy//src/per/sai.h"
   1:../../libDaisy//src/per/sai.h **** #pragma once
   2:../../libDaisy//src/per/sai.h **** #ifndef DSY_SAI_H
   3:../../libDaisy//src/per/sai.h **** #define DSY_SAI_H
   4:../../libDaisy//src/per/sai.h **** 
   5:../../libDaisy//src/per/sai.h **** #include "daisy_core.h"
   6:../../libDaisy//src/per/sai.h **** 
   7:../../libDaisy//src/per/sai.h **** namespace daisy
   8:../../libDaisy//src/per/sai.h **** {
ARM GAS  /var/folders/8v/j1fbl7tj7xz52nhkjtnwl_x40000gn/T//ccpdGzsI.s 			page 24


   9:../../libDaisy//src/per/sai.h **** /** 
  10:../../libDaisy//src/per/sai.h ****  * Support for I2S Audio Protocol with different bit-depth, samplerate options
  11:../../libDaisy//src/per/sai.h ****  * Allows for master or slave, as well as freedom of selecting direction, 
  12:../../libDaisy//src/per/sai.h ****  * and other behavior for each peripheral, and block.
  13:../../libDaisy//src/per/sai.h ****  * 
  14:../../libDaisy//src/per/sai.h ****  * DMA Transfer commands must use buffers located within non-cached memory or use cache maintenance
  15:../../libDaisy//src/per/sai.h ****  * To declare an unitialized global element in the DMA memory section:
  16:../../libDaisy//src/per/sai.h ****  *    int32_t DSY_DMA_BUFFER_SECTOR my_buffer[96];
  17:../../libDaisy//src/per/sai.h ****  *
  18:../../libDaisy//src/per/sai.h ****  * Callback functions will be called once per half of the buffer. In the above example, 
  19:../../libDaisy//src/per/sai.h ****  * the callback function would be called once for every 48 samples.
  20:../../libDaisy//src/per/sai.h ****  * 
  21:../../libDaisy//src/per/sai.h ****  * Use SAI Handle like this:
  22:../../libDaisy//src/per/sai.h ****  * 
  23:../../libDaisy//src/per/sai.h ****  *  SaiHandle::Config sai_config;
  24:../../libDaisy//src/per/sai.h ****  *  sai_config.periph          = SaiHandle::Config::Peripheral::SAI_1;
  25:../../libDaisy//src/per/sai.h ****  *  sai_config.sr              = SaiHandle::Config::SampleRate::SAI_48KHZ;
  26:../../libDaisy//src/per/sai.h ****  *  sai_config.bit_depth       = SaiHandle::Config::BitDepth::SAI_24BIT;
  27:../../libDaisy//src/per/sai.h ****  *  sai_config.a_sync          = SaiHandle::Config::Sync::MASTER;
  28:../../libDaisy//src/per/sai.h ****  *  sai_config.b_sync          = SaiHandle::Config::Sync::SLAVE;
  29:../../libDaisy//src/per/sai.h ****  *  sai_config.a_dir           = SaiHandle::Config::Direction::RECEIVE;
  30:../../libDaisy//src/per/sai.h ****  *  sai_config.b_dir           = SaiHandle::Config::Direction::TRANSMIT;
  31:../../libDaisy//src/per/sai.h ****  *  sai_config.pin_config.fs   = {DSY_GPIOE, 4};
  32:../../libDaisy//src/per/sai.h ****  *  sai_config.pin_config.mclk = {DSY_GPIOE, 2};
  33:../../libDaisy//src/per/sai.h ****  *  sai_config.pin_config.sck  = {DSY_GPIOE, 5};
  34:../../libDaisy//src/per/sai.h ****  *  sai_config.pin_config.sa   = {DSY_GPIOE, 6};
  35:../../libDaisy//src/per/sai.h ****  *  sai_config.pin_config.sb   = {DSY_GPIOE, 3};
  36:../../libDaisy//src/per/sai.h ****  *  // Then Initialize
  37:../../libDaisy//src/per/sai.h ****  *  SaiHandle sai;
  38:../../libDaisy//src/per/sai.h ****  *  sai.Init(sai_config);
  39:../../libDaisy//src/per/sai.h ****  *  // Now you can use it:
  40:../../libDaisy//src/per/sai.h ****  *  sai.StartDma(. . .);
  41:../../libDaisy//src/per/sai.h ****  */
  42:../../libDaisy//src/per/sai.h **** class SaiHandle
  43:../../libDaisy//src/per/sai.h **** {
  44:../../libDaisy//src/per/sai.h ****   public:
  45:../../libDaisy//src/per/sai.h ****     /** Contains settings for initialising an SAI Interface */
  46:../../libDaisy//src/per/sai.h ****     struct Config
  47:../../libDaisy//src/per/sai.h ****     {
  48:../../libDaisy//src/per/sai.h ****         /** Specifies the internal peripheral to use (mapped to different hardware pins) */
  49:../../libDaisy//src/per/sai.h ****         enum class Peripheral
  50:../../libDaisy//src/per/sai.h ****         {
  51:../../libDaisy//src/per/sai.h ****             SAI_1,
  52:../../libDaisy//src/per/sai.h ****             SAI_2,
  53:../../libDaisy//src/per/sai.h ****         };
  54:../../libDaisy//src/per/sai.h **** 
  55:../../libDaisy//src/per/sai.h ****         /** Rate at which samples will be streaming to/from the device. */
  56:../../libDaisy//src/per/sai.h ****         enum class SampleRate
  57:../../libDaisy//src/per/sai.h ****         {
  58:../../libDaisy//src/per/sai.h ****             SAI_8KHZ,
  59:../../libDaisy//src/per/sai.h ****             SAI_16KHZ,
  60:../../libDaisy//src/per/sai.h ****             SAI_32KHZ,
  61:../../libDaisy//src/per/sai.h ****             SAI_48KHZ,
  62:../../libDaisy//src/per/sai.h ****             SAI_96KHZ,
  63:../../libDaisy//src/per/sai.h ****         };
  64:../../libDaisy//src/per/sai.h **** 
  65:../../libDaisy//src/per/sai.h ****         /** Bit Depth that the hardware expects to be transferred to/from the device. */
ARM GAS  /var/folders/8v/j1fbl7tj7xz52nhkjtnwl_x40000gn/T//ccpdGzsI.s 			page 25


  66:../../libDaisy//src/per/sai.h ****         enum class BitDepth
  67:../../libDaisy//src/per/sai.h ****         {
  68:../../libDaisy//src/per/sai.h ****             SAI_16BIT,
  69:../../libDaisy//src/per/sai.h ****             SAI_24BIT,
  70:../../libDaisy//src/per/sai.h ****             SAI_32BIT,
  71:../../libDaisy//src/per/sai.h ****         };
  72:../../libDaisy//src/per/sai.h **** 
  73:../../libDaisy//src/per/sai.h ****         /** Specifies whether a particular block is the master or the slave 
  74:../../libDaisy//src/per/sai.h ****          ** If both are set to slave, no MCLK signal will be used, and it is
  75:../../libDaisy//src/per/sai.h ****          ** expected that the codec will have its own xtal.
  76:../../libDaisy//src/per/sai.h ****          */
  77:../../libDaisy//src/per/sai.h ****         enum class Sync
  78:../../libDaisy//src/per/sai.h ****         {
  79:../../libDaisy//src/per/sai.h ****             MASTER,
  80:../../libDaisy//src/per/sai.h ****             SLAVE,
  81:../../libDaisy//src/per/sai.h ****         };
  82:../../libDaisy//src/per/sai.h **** 
  83:../../libDaisy//src/per/sai.h ****         /** Specifies the direction for each peripheral block. */
  84:../../libDaisy//src/per/sai.h ****         enum class Direction
  85:../../libDaisy//src/per/sai.h ****         {
  86:../../libDaisy//src/per/sai.h ****             TRANSMIT,
  87:../../libDaisy//src/per/sai.h ****             RECEIVE,
  88:../../libDaisy//src/per/sai.h ****         };
  89:../../libDaisy//src/per/sai.h **** 
  90:../../libDaisy//src/per/sai.h ****         Peripheral periph;
  91:../../libDaisy//src/per/sai.h ****         struct
  92:../../libDaisy//src/per/sai.h ****         {
  93:../../libDaisy//src/per/sai.h ****             dsy_gpio_pin mclk, fs, sck, sa, sb;
  94:../../libDaisy//src/per/sai.h ****         } pin_config;
  95:../../libDaisy//src/per/sai.h ****         SampleRate sr;
  96:../../libDaisy//src/per/sai.h ****         BitDepth   bit_depth;
  97:../../libDaisy//src/per/sai.h ****         Sync       a_sync, b_sync;
  98:../../libDaisy//src/per/sai.h ****         Direction  a_dir, b_dir;
  99:../../libDaisy//src/per/sai.h ****     };
 100:../../libDaisy//src/per/sai.h **** 
 101:../../libDaisy//src/per/sai.h ****     /** Return values for SAI functions */
 102:../../libDaisy//src/per/sai.h ****     enum class Result
 103:../../libDaisy//src/per/sai.h ****     {
 104:../../libDaisy//src/per/sai.h ****         OK,
 105:../../libDaisy//src/per/sai.h ****         ERR,
 106:../../libDaisy//src/per/sai.h ****     };
 107:../../libDaisy//src/per/sai.h **** 
 108:../../libDaisy//src/per/sai.h ****     SaiHandle() : pimpl_(nullptr) {}
 510              		.loc 10 108 5 is_stmt 1 view .LVU131
 511              	.LBB158:
 512              	.LBB159:
 513              		.loc 10 108 33 is_stmt 0 view .LVU132
 514 0010 C363     		str	r3, [r0, #60]
 515              	.LVL29:
 516              		.loc 10 108 33 view .LVU133
 517              	.LBE159:
 518              	.LBE158:
 519              	.LBE157:
 520              	.LBE161:
 521              	.LBE163:
   7:daisy_verb.cpp **** daisysp::Oscillator osc;
 522              		.loc 7 7 11 view .LVU134
ARM GAS  /var/folders/8v/j1fbl7tj7xz52nhkjtnwl_x40000gn/T//ccpdGzsI.s 			page 26


 523 0012 FFF7FEFF 		bl	__aeabi_atexit
 524              	.LVL30:
 525              	.LBB164:
 526              	.LBI164:
  23:../../DaisySP//Source/Synthesis/oscillator.h ****     ~Oscillator() {}
 527              		.loc 6 23 5 is_stmt 1 view .LVU135
  23:../../DaisySP//Source/Synthesis/oscillator.h ****     ~Oscillator() {}
 528              		.loc 6 23 5 is_stmt 0 view .LVU136
 529              	.LBE164:
   8:daisy_verb.cpp **** 
 530              		.loc 7 8 21 view .LVU137
 531 0016 044A     		ldr	r2, .L24+4
 532 0018 0549     		ldr	r1, .L24+12
 533 001a 0648     		ldr	r0, .L24+16
 534              	.LBE165:
 535              	.LBE167:
 536              		.loc 7 46 1 view .LVU138
 537 001c BDE80840 		pop	{r3, lr}
 538              		.cfi_restore 14
 539              		.cfi_restore 3
 540              		.cfi_def_cfa_offset 0
 541              	.LBB168:
 542              	.LBB166:
   8:daisy_verb.cpp **** 
 543              		.loc 7 8 21 view .LVU139
 544 0020 FFF7FEBF 		b	__aeabi_atexit
 545              	.LVL31:
 546              	.L25:
 547              		.align	2
 548              	.L24:
 549 0024 00000000 		.word	.LANCHOR1
 550 0028 00000000 		.word	__dso_handle
 551 002c 00000000 		.word	_ZN5daisy9DaisySeedD1Ev
 552 0030 00000000 		.word	_ZN7daisysp10OscillatorD1Ev
 553 0034 00000000 		.word	.LANCHOR0
 554              	.LBE166:
 555              	.LBE168:
 556              		.cfi_endproc
 557              	.LFE5246:
 559              		.section	.init_array,"aw",%init_array
 560              		.align	2
 561 0000 00000000 		.word	_GLOBAL__sub_I_hw(target1)
 562              		.global	osc
 563              		.global	hw
 564              		.section	.bss.hw,"aw",%nobits
 565              		.align	2
 566              		.set	.LANCHOR1,. + 0
 569              	hw:
 570 0000 00000000 		.space	64
 570      00000000 
 570      00000000 
 570      00000000 
 570      00000000 
 571              		.section	.bss.osc,"aw",%nobits
 572              		.align	2
 573              		.set	.LANCHOR0,. + 0
 576              	osc:
ARM GAS  /var/folders/8v/j1fbl7tj7xz52nhkjtnwl_x40000gn/T//ccpdGzsI.s 			page 27


 577 0000 00000000 		.space	44
 577      00000000 
 577      00000000 
 577      00000000 
 577      00000000 
 578              		.text
 579              	.Letext0:
 580              		.file 11 "/Library/DaisyToolchain/0.2.0/arm/arm-none-eabi/include/machine/_default_types.h"
 581              		.file 12 "/Library/DaisyToolchain/0.2.0/arm/arm-none-eabi/include/sys/_stdint.h"
 582              		.file 13 "/Library/DaisyToolchain/0.2.0/arm/arm-none-eabi/include/stdint.h"
 583              		.file 14 "/Library/DaisyToolchain/0.2.0/arm/lib/gcc/arm-none-eabi/10.3.1/include/stddef.h"
 584              		.file 15 "/Library/DaisyToolchain/0.2.0/arm/arm-none-eabi/include/c++/10.3.1/cmath"
 585              		.file 16 "/Library/DaisyToolchain/0.2.0/arm/arm-none-eabi/include/c++/10.3.1/bits/std_abs.h"
 586              		.file 17 "/Library/DaisyToolchain/0.2.0/arm/arm-none-eabi/include/c++/10.3.1/cstdlib"
 587              		.file 18 "/Library/DaisyToolchain/0.2.0/arm/arm-none-eabi/include/c++/10.3.1/cstdint"
 588              		.file 19 "/Library/DaisyToolchain/0.2.0/arm/arm-none-eabi/include/c++/10.3.1/type_traits"
 589              		.file 20 "/Library/DaisyToolchain/0.2.0/arm/arm-none-eabi/include/c++/10.3.1/debug/debug.h"
 590              		.file 21 "/Library/DaisyToolchain/0.2.0/arm/arm-none-eabi/include/c++/10.3.1/arm-none-eabi/thumb/v
 591              		.file 22 "/Library/DaisyToolchain/0.2.0/arm/arm-none-eabi/include/c++/10.3.1/bits/algorithmfwd.h"
 592              		.file 23 "/Library/DaisyToolchain/0.2.0/arm/arm-none-eabi/include/c++/10.3.1/bits/stl_pair.h"
 593              		.file 24 "/Library/DaisyToolchain/0.2.0/arm/arm-none-eabi/include/c++/10.3.1/bits/exception_ptr.h"
 594              		.file 25 "/Library/DaisyToolchain/0.2.0/arm/arm-none-eabi/include/c++/10.3.1/cstdarg"
 595              		.file 26 "/Library/DaisyToolchain/0.2.0/arm/arm-none-eabi/include/c++/10.3.1/cstdio"
 596              		.file 27 "/Library/DaisyToolchain/0.2.0/arm/arm-none-eabi/include/c++/10.3.1/cstring"
 597              		.file 28 "/Library/DaisyToolchain/0.2.0/arm/arm-none-eabi/include/c++/10.3.1/cwchar"
 598              		.file 29 "/Library/DaisyToolchain/0.2.0/arm/arm-none-eabi/include/c++/10.3.1/clocale"
 599              		.file 30 "/Library/DaisyToolchain/0.2.0/arm/arm-none-eabi/include/c++/10.3.1/bits/basic_string.h"
 600              		.file 31 "/Library/DaisyToolchain/0.2.0/arm/arm-none-eabi/include/c++/10.3.1/bits/stl_iterator.h"
 601              		.file 32 "/Library/DaisyToolchain/0.2.0/arm/arm-none-eabi/include/c++/10.3.1/bits/predefined_ops.h
 602              		.file 33 "/Library/DaisyToolchain/0.2.0/arm/arm-none-eabi/include/sys/_types.h"
 603              		.file 34 "/Library/DaisyToolchain/0.2.0/arm/arm-none-eabi/include/sys/reent.h"
 604              		.file 35 "/Library/DaisyToolchain/0.2.0/arm/arm-none-eabi/include/sys/lock.h"
 605              		.file 36 "/Library/DaisyToolchain/0.2.0/arm/arm-none-eabi/include/math.h"
 606              		.file 37 "/Library/DaisyToolchain/0.2.0/arm/arm-none-eabi/include/stdlib.h"
 607              		.file 38 "/Library/DaisyToolchain/0.2.0/arm/arm-none-eabi/include/c++/10.3.1/math.h"
 608              		.file 39 "/Library/DaisyToolchain/0.2.0/arm/arm-none-eabi/include/c++/10.3.1/stdlib.h"
 609              		.file 40 "../../libDaisy//src/daisy_core.h"
 610              		.file 41 "../../libDaisy//src/per/tim.h"
 611              		.file 42 "../../libDaisy//src/util/wav_format.h"
 612              		.file 43 "../../libDaisy//src/dev/max11300.h"
 613              		.file 44 "../../libDaisy//src/per/gpio.h"
 614              		.file 45 "../../libDaisy//src/dev/sdram.h"
 615              		.file 46 "/Library/DaisyToolchain/0.2.0/arm/lib/gcc/arm-none-eabi/10.3.1/include/stdarg.h"
 616              		.file 47 "/Library/DaisyToolchain/0.2.0/arm/arm-none-eabi/include/stdio.h"
 617              		.file 48 "/Library/DaisyToolchain/0.2.0/arm/arm-none-eabi/include/string.h"
 618              		.file 49 "../../DaisySP//Source/Control/adenv.h"
 619              		.file 50 "../../DaisySP//Source/Utility/dsp.h"
 620              		.file 51 "/Library/DaisyToolchain/0.2.0/arm/arm-none-eabi/include/wchar.h"
 621              		.file 52 "/Library/DaisyToolchain/0.2.0/arm/arm-none-eabi/include/locale.h"
 622              		.file 53 "<built-in>"
 623              		.file 54 "../../libDaisy//src/dev/sr_595.h"
ARM GAS  /var/folders/8v/j1fbl7tj7xz52nhkjtnwl_x40000gn/T//ccpdGzsI.s 			page 28


DEFINED SYMBOLS
                            *ABS*:0000000000000000 daisy_verb.cpp
/var/folders/8v/j1fbl7tj7xz52nhkjtnwl_x40000gn/T//ccpdGzsI.s:19     .text._ZN5daisy9DaisySeedD2Ev:0000000000000000 $t
/var/folders/8v/j1fbl7tj7xz52nhkjtnwl_x40000gn/T//ccpdGzsI.s:26     .text._ZN5daisy9DaisySeedD2Ev:0000000000000000 _ZN5daisy9DaisySeedD2Ev
/var/folders/8v/j1fbl7tj7xz52nhkjtnwl_x40000gn/T//ccpdGzsI.s:26     .text._ZN5daisy9DaisySeedD2Ev:0000000000000000 _ZN5daisy9DaisySeedD1Ev
/var/folders/8v/j1fbl7tj7xz52nhkjtnwl_x40000gn/T//ccpdGzsI.s:67     .text._ZN7daisysp10OscillatorD2Ev:0000000000000000 $t
/var/folders/8v/j1fbl7tj7xz52nhkjtnwl_x40000gn/T//ccpdGzsI.s:74     .text._ZN7daisysp10OscillatorD2Ev:0000000000000000 _ZN7daisysp10OscillatorD2Ev
/var/folders/8v/j1fbl7tj7xz52nhkjtnwl_x40000gn/T//ccpdGzsI.s:74     .text._ZN7daisysp10OscillatorD2Ev:0000000000000000 _ZN7daisysp10OscillatorD1Ev
/var/folders/8v/j1fbl7tj7xz52nhkjtnwl_x40000gn/T//ccpdGzsI.s:91     .text._Z13AudioCallbackPKPKfPPfj:0000000000000000 $t
/var/folders/8v/j1fbl7tj7xz52nhkjtnwl_x40000gn/T//ccpdGzsI.s:98     .text._Z13AudioCallbackPKPKfPPfj:0000000000000000 _Z13AudioCallbackPKPKfPPfj
/var/folders/8v/j1fbl7tj7xz52nhkjtnwl_x40000gn/T//ccpdGzsI.s:173    .text._Z13AudioCallbackPKPKfPPfj:0000000000000030 $d
/var/folders/8v/j1fbl7tj7xz52nhkjtnwl_x40000gn/T//ccpdGzsI.s:178    .text.startup.main:0000000000000000 $t
/var/folders/8v/j1fbl7tj7xz52nhkjtnwl_x40000gn/T//ccpdGzsI.s:185    .text.startup.main:0000000000000000 main
/var/folders/8v/j1fbl7tj7xz52nhkjtnwl_x40000gn/T//ccpdGzsI.s:393    .text.startup.main:00000000000000a8 $d
/var/folders/8v/j1fbl7tj7xz52nhkjtnwl_x40000gn/T//ccpdGzsI.s:402    .text.startup._GLOBAL__sub_I_hw:0000000000000000 $t
/var/folders/8v/j1fbl7tj7xz52nhkjtnwl_x40000gn/T//ccpdGzsI.s:408    .text.startup._GLOBAL__sub_I_hw:0000000000000000 _GLOBAL__sub_I_hw
/var/folders/8v/j1fbl7tj7xz52nhkjtnwl_x40000gn/T//ccpdGzsI.s:549    .text.startup._GLOBAL__sub_I_hw:0000000000000024 $d
/var/folders/8v/j1fbl7tj7xz52nhkjtnwl_x40000gn/T//ccpdGzsI.s:560    .init_array:0000000000000000 $d
/var/folders/8v/j1fbl7tj7xz52nhkjtnwl_x40000gn/T//ccpdGzsI.s:576    .bss.osc:0000000000000000 osc
/var/folders/8v/j1fbl7tj7xz52nhkjtnwl_x40000gn/T//ccpdGzsI.s:569    .bss.hw:0000000000000000 hw
/var/folders/8v/j1fbl7tj7xz52nhkjtnwl_x40000gn/T//ccpdGzsI.s:565    .bss.hw:0000000000000000 $d
/var/folders/8v/j1fbl7tj7xz52nhkjtnwl_x40000gn/T//ccpdGzsI.s:572    .bss.osc:0000000000000000 $d
                           .group:0000000000000000 _ZN5daisy9DaisySeedD5Ev
                           .group:0000000000000000 _ZN7daisysp10OscillatorD5Ev

UNDEFINED SYMBOLS
_ZN7daisysp10Oscillator7ProcessEv
_ZN5daisy9DaisySeed9ConfigureEv
_ZN5daisy9DaisySeed4InitEb
_ZN5daisy9DaisySeed17SetAudioBlockSizeEj
_ZN5daisy9DaisySeed18SetAudioSampleRateENS_9SaiHandle6Config10SampleRateE
_ZN5daisy9DaisySeed15AudioSampleRateEv
_ZN7daisysp10Oscillator12CalcPhaseIncEf
_ZN5daisy9DaisySeed10StartAudioEPFvPKPKfPPfjE
_ZN5daisy9DaisySeed6SetLedEb
_ZN5daisy6System5DelayEm
__aeabi_atexit
__dso_handle
